{"D:\\B\\CODE\\pzn\\uwupedia\\src\\service\\category.service.js": {"path":"D:\\B\\CODE\\pzn\\uwupedia\\src\\service\\category.service.js","statementMap":{"0":{"start":{"line":1,"column":21},"end":{"line":1,"column":40}},"1":{"start":{"line":2,"column":20},"end":{"line":2,"column":40}},"2":{"start":{"line":3,"column":21},"end":{"line":3,"column":36}},"3":{"start":{"line":4,"column":19},"end":{"line":4,"column":57}},"4":{"start":{"line":5,"column":24},"end":{"line":5,"column":58}},"5":{"start":{"line":6,"column":34},"end":{"line":6,"column":72}},"6":{"start":{"line":9,"column":4},"end":{"line":9,"column":50}},"7":{"start":{"line":10,"column":27},"end":{"line":10,"column":71}},"8":{"start":{"line":11,"column":18},"end":{"line":11,"column":62}},"9":{"start":{"line":13,"column":31},"end":{"line":21,"column":1}},"10":{"start":{"line":14,"column":21},"end":{"line":14,"column":69}},"11":{"start":{"line":16,"column":4},"end":{"line":18,"column":5}},"12":{"start":{"line":17,"column":8},"end":{"line":17,"column":59}},"13":{"start":{"line":20,"column":4},"end":{"line":20,"column":23}},"14":{"start":{"line":23,"column":15},"end":{"line":38,"column":1}},"15":{"start":{"line":24,"column":21},"end":{"line":24,"column":60}},"16":{"start":{"line":26,"column":4},"end":{"line":26,"column":59}},"17":{"start":{"line":27,"column":28},"end":{"line":27,"column":81}},"18":{"start":{"line":29,"column":4},"end":{"line":31,"column":5}},"19":{"start":{"line":30,"column":8},"end":{"line":30,"column":64}},"20":{"start":{"line":33,"column":4},"end":{"line":33,"column":27}},"21":{"start":{"line":34,"column":4},"end":{"line":34,"column":30}},"22":{"start":{"line":35,"column":4},"end":{"line":35,"column":37}},"23":{"start":{"line":37,"column":4},"end":{"line":37,"column":53}},"24":{"start":{"line":40,"column":13},"end":{"line":42,"column":1}},"25":{"start":{"line":41,"column":4},"end":{"line":41,"column":27}},"26":{"start":{"line":44,"column":15},"end":{"line":54,"column":1}},"27":{"start":{"line":45,"column":21},"end":{"line":45,"column":69}},"28":{"start":{"line":47,"column":4},"end":{"line":49,"column":5}},"29":{"start":{"line":48,"column":8},"end":{"line":48,"column":59}},"30":{"start":{"line":51,"column":4},"end":{"line":51,"column":31}},"31":{"start":{"line":52,"column":4},"end":{"line":52,"column":37}},"32":{"start":{"line":53,"column":4},"end":{"line":53,"column":25}},"33":{"start":{"line":56,"column":0},"end":{"line":61,"column":1}}},"fnMap":{"0":{"name":"(anonymous_0)","decl":{"start":{"line":13,"column":31},"end":{"line":13,"column":32}},"loc":{"start":{"line":13,"column":53},"end":{"line":21,"column":1}},"line":13},"1":{"name":"(anonymous_1)","decl":{"start":{"line":23,"column":15},"end":{"line":23,"column":16}},"loc":{"start":{"line":23,"column":34},"end":{"line":38,"column":1}},"line":23},"2":{"name":"(anonymous_2)","decl":{"start":{"line":40,"column":13},"end":{"line":40,"column":14}},"loc":{"start":{"line":40,"column":25},"end":{"line":42,"column":1}},"line":40},"3":{"name":"(anonymous_3)","decl":{"start":{"line":44,"column":15},"end":{"line":44,"column":16}},"loc":{"start":{"line":44,"column":37},"end":{"line":54,"column":1}},"line":44}},"branchMap":{"0":{"loc":{"start":{"line":16,"column":4},"end":{"line":18,"column":5}},"type":"if","locations":[{"start":{"line":16,"column":4},"end":{"line":18,"column":5}},{"start":{},"end":{}}],"line":16},"1":{"loc":{"start":{"line":29,"column":4},"end":{"line":31,"column":5}},"type":"if","locations":[{"start":{"line":29,"column":4},"end":{"line":31,"column":5}},{"start":{},"end":{}}],"line":29},"2":{"loc":{"start":{"line":47,"column":4},"end":{"line":49,"column":5}},"type":"if","locations":[{"start":{"line":47,"column":4},"end":{"line":49,"column":5}},{"start":{},"end":{}}],"line":47}},"s":{"0":0,"1":0,"2":0,"3":0,"4":0,"5":0,"6":0,"7":0,"8":0,"9":0,"10":0,"11":0,"12":0,"13":0,"14":0,"15":0,"16":0,"17":0,"18":0,"19":0,"20":0,"21":0,"22":0,"23":0,"24":0,"25":0,"26":0,"27":0,"28":0,"29":0,"30":0,"31":0,"32":0,"33":0},"f":{"0":0,"1":0,"2":0,"3":0},"b":{"0":[0,0],"1":[0,0],"2":[0,0]}}
,"D:\\B\\CODE\\pzn\\uwupedia\\src\\service\\logistic.service.js": {"path":"D:\\B\\CODE\\pzn\\uwupedia\\src\\service\\logistic.service.js","statementMap":{"0":{"start":{"line":1,"column":36},"end":{"line":1,"column":55}},"1":{"start":{"line":2,"column":20},"end":{"line":2,"column":40}},"2":{"start":{"line":3,"column":21},"end":{"line":3,"column":36}},"3":{"start":{"line":4,"column":19},"end":{"line":4,"column":57}},"4":{"start":{"line":5,"column":24},"end":{"line":5,"column":58}},"5":{"start":{"line":6,"column":25},"end":{"line":6,"column":66}},"6":{"start":{"line":10,"column":4},"end":{"line":10,"column":50}},"7":{"start":{"line":11,"column":27},"end":{"line":11,"column":75}},"8":{"start":{"line":12,"column":27},"end":{"line":12,"column":75}},"9":{"start":{"line":13,"column":14},"end":{"line":13,"column":32}},"10":{"start":{"line":14,"column":27},"end":{"line":14,"column":71}},"11":{"start":{"line":16,"column":30},"end":{"line":31,"column":1}},"12":{"start":{"line":17,"column":4},"end":{"line":30,"column":6}},"13":{"start":{"line":33,"column":15},"end":{"line":48,"column":1}},"14":{"start":{"line":34,"column":21},"end":{"line":34,"column":64}},"15":{"start":{"line":36,"column":28},"end":{"line":36,"column":81}},"16":{"start":{"line":38,"column":4},"end":{"line":40,"column":5}},"17":{"start":{"line":39,"column":8},"end":{"line":39,"column":64}},"18":{"start":{"line":42,"column":4},"end":{"line":42,"column":27}},"19":{"start":{"line":43,"column":4},"end":{"line":43,"column":30}},"20":{"start":{"line":44,"column":4},"end":{"line":44,"column":37}},"21":{"start":{"line":46,"column":29},"end":{"line":46,"column":70}},"22":{"start":{"line":47,"column":4},"end":{"line":47,"column":51}},"23":{"start":{"line":50,"column":13},"end":{"line":56,"column":1}},"24":{"start":{"line":51,"column":22},"end":{"line":51,"column":56}},"25":{"start":{"line":53,"column":4},"end":{"line":55,"column":6}},"26":{"start":{"line":54,"column":8},"end":{"line":54,"column":47}},"27":{"start":{"line":58,"column":15},"end":{"line":70,"column":1}},"28":{"start":{"line":59,"column":4},"end":{"line":59,"column":61}},"29":{"start":{"line":61,"column":21},"end":{"line":61,"column":69}},"30":{"start":{"line":63,"column":4},"end":{"line":65,"column":5}},"31":{"start":{"line":64,"column":8},"end":{"line":64,"column":59}},"32":{"start":{"line":67,"column":4},"end":{"line":67,"column":31}},"33":{"start":{"line":68,"column":4},"end":{"line":68,"column":37}},"34":{"start":{"line":69,"column":4},"end":{"line":69,"column":26}},"35":{"start":{"line":72,"column":0},"end":{"line":76,"column":1}}},"fnMap":{"0":{"name":"(anonymous_0)","decl":{"start":{"line":16,"column":30},"end":{"line":16,"column":31}},"loc":{"start":{"line":16,"column":52},"end":{"line":31,"column":1}},"line":16},"1":{"name":"(anonymous_1)","decl":{"start":{"line":33,"column":15},"end":{"line":33,"column":16}},"loc":{"start":{"line":33,"column":34},"end":{"line":48,"column":1}},"line":33},"2":{"name":"(anonymous_2)","decl":{"start":{"line":50,"column":13},"end":{"line":50,"column":14}},"loc":{"start":{"line":50,"column":25},"end":{"line":56,"column":1}},"line":50},"3":{"name":"(anonymous_3)","decl":{"start":{"line":53,"column":25},"end":{"line":53,"column":26}},"loc":{"start":{"line":53,"column":37},"end":{"line":55,"column":5}},"line":53},"4":{"name":"(anonymous_4)","decl":{"start":{"line":58,"column":15},"end":{"line":58,"column":16}},"loc":{"start":{"line":58,"column":37},"end":{"line":70,"column":1}},"line":58}},"branchMap":{"0":{"loc":{"start":{"line":38,"column":4},"end":{"line":40,"column":5}},"type":"if","locations":[{"start":{"line":38,"column":4},"end":{"line":40,"column":5}},{"start":{},"end":{}}],"line":38},"1":{"loc":{"start":{"line":63,"column":4},"end":{"line":65,"column":5}},"type":"if","locations":[{"start":{"line":63,"column":4},"end":{"line":65,"column":5}},{"start":{},"end":{}}],"line":63}},"s":{"0":0,"1":0,"2":0,"3":0,"4":0,"5":0,"6":0,"7":0,"8":0,"9":0,"10":0,"11":0,"12":0,"13":0,"14":0,"15":0,"16":0,"17":0,"18":0,"19":0,"20":0,"21":0,"22":0,"23":0,"24":0,"25":0,"26":0,"27":0,"28":0,"29":0,"30":0,"31":0,"32":0,"33":0,"34":0,"35":0},"f":{"0":0,"1":0,"2":0,"3":0,"4":0},"b":{"0":[0,0],"1":[0,0]}}
,"D:\\B\\CODE\\pzn\\uwupedia\\src\\service\\order.service.js": {"path":"D:\\B\\CODE\\pzn\\uwupedia\\src\\service\\order.service.js","statementMap":{"0":{"start":{"line":3,"column":4},"end":{"line":3,"column":23}},"1":{"start":{"line":4,"column":20},"end":{"line":4,"column":40}},"2":{"start":{"line":5,"column":21},"end":{"line":5,"column":36}},"3":{"start":{"line":6,"column":19},"end":{"line":6,"column":57}},"4":{"start":{"line":7,"column":24},"end":{"line":7,"column":58}},"5":{"start":{"line":10,"column":4},"end":{"line":10,"column":47}},"6":{"start":{"line":11,"column":47},"end":{"line":11,"column":80}},"7":{"start":{"line":12,"column":27},"end":{"line":12,"column":60}},"8":{"start":{"line":13,"column":24},"end":{"line":13,"column":69}},"9":{"start":{"line":14,"column":23},"end":{"line":14,"column":67}},"10":{"start":{"line":15,"column":32},"end":{"line":15,"column":86}},"11":{"start":{"line":16,"column":17},"end":{"line":16,"column":54}},"12":{"start":{"line":17,"column":27},"end":{"line":17,"column":75}},"13":{"start":{"line":18,"column":25},"end":{"line":18,"column":66}},"14":{"start":{"line":19,"column":20},"end":{"line":19,"column":60}},"15":{"start":{"line":21,"column":27},"end":{"line":21,"column":71}},"16":{"start":{"line":22,"column":26},"end":{"line":22,"column":69}},"17":{"start":{"line":23,"column":24},"end":{"line":23,"column":65}},"18":{"start":{"line":24,"column":30},"end":{"line":24,"column":78}},"19":{"start":{"line":25,"column":32},"end":{"line":25,"column":82}},"20":{"start":{"line":27,"column":27},"end":{"line":54,"column":1}},"21":{"start":{"line":28,"column":4},"end":{"line":53,"column":5}},"22":{"start":{"line":56,"column":46},"end":{"line":77,"column":1}},"23":{"start":{"line":57,"column":28},"end":{"line":57,"column":29}},"24":{"start":{"line":58,"column":28},"end":{"line":58,"column":29}},"25":{"start":{"line":60,"column":4},"end":{"line":73,"column":5}},"26":{"start":{"line":61,"column":25},"end":{"line":61,"column":86}},"27":{"start":{"line":62,"column":8},"end":{"line":64,"column":9}},"28":{"start":{"line":63,"column":12},"end":{"line":63,"column":63}},"29":{"start":{"line":66,"column":24},"end":{"line":66,"column":83}},"30":{"start":{"line":67,"column":8},"end":{"line":69,"column":9}},"31":{"start":{"line":68,"column":12},"end":{"line":68,"column":62}},"32":{"start":{"line":71,"column":8},"end":{"line":71,"column":69}},"33":{"start":{"line":72,"column":8},"end":{"line":72,"column":76}},"34":{"start":{"line":75,"column":4},"end":{"line":75,"column":49}},"35":{"start":{"line":78,"column":28},"end":{"line":86,"column":1}},"36":{"start":{"line":79,"column":20},"end":{"line":79,"column":93}},"37":{"start":{"line":80,"column":4},"end":{"line":82,"column":5}},"38":{"start":{"line":81,"column":8},"end":{"line":81,"column":58}},"39":{"start":{"line":84,"column":41},"end":{"line":84,"column":112}},"40":{"start":{"line":85,"column":4},"end":{"line":85,"column":73}},"41":{"start":{"line":88,"column":26},"end":{"line":96,"column":1}},"42":{"start":{"line":89,"column":4},"end":{"line":95,"column":5}},"43":{"start":{"line":90,"column":24},"end":{"line":90,"column":83}},"44":{"start":{"line":92,"column":8},"end":{"line":94,"column":9}},"45":{"start":{"line":93,"column":12},"end":{"line":93,"column":72}},"46":{"start":{"line":97,"column":15},"end":{"line":132,"column":1}},"47":{"start":{"line":98,"column":25},"end":{"line":98,"column":65}},"48":{"start":{"line":100,"column":23},"end":{"line":100,"column":62}},"49":{"start":{"line":102,"column":4},"end":{"line":104,"column":5}},"50":{"start":{"line":103,"column":8},"end":{"line":103,"column":81}},"51":{"start":{"line":106,"column":4},"end":{"line":106,"column":56}},"52":{"start":{"line":108,"column":15},"end":{"line":108,"column":44}},"53":{"start":{"line":109,"column":4},"end":{"line":131,"column":5}},"54":{"start":{"line":110,"column":8},"end":{"line":110,"column":74}},"55":{"start":{"line":111,"column":8},"end":{"line":111,"column":39}},"56":{"start":{"line":112,"column":8},"end":{"line":112,"column":46}},"57":{"start":{"line":113,"column":8},"end":{"line":113,"column":44}},"58":{"start":{"line":114,"column":8},"end":{"line":114,"column":73}},"59":{"start":{"line":115,"column":8},"end":{"line":115,"column":75}},"60":{"start":{"line":116,"column":8},"end":{"line":116,"column":45}},"61":{"start":{"line":118,"column":22},"end":{"line":118,"column":55}},"62":{"start":{"line":119,"column":8},"end":{"line":119,"column":87}},"63":{"start":{"line":120,"column":8},"end":{"line":120,"column":20}},"64":{"start":{"line":122,"column":30},"end":{"line":122,"column":94}},"65":{"start":{"line":123,"column":8},"end":{"line":127,"column":9}},"66":{"start":{"line":129,"column":8},"end":{"line":129,"column":22}},"67":{"start":{"line":130,"column":8},"end":{"line":130,"column":65}},"68":{"start":{"line":134,"column":28},"end":{"line":153,"column":1}},"69":{"start":{"line":135,"column":4},"end":{"line":135,"column":66}},"70":{"start":{"line":136,"column":4},"end":{"line":136,"column":52}},"71":{"start":{"line":138,"column":18},"end":{"line":138,"column":92}},"72":{"start":{"line":139,"column":4},"end":{"line":141,"column":5}},"73":{"start":{"line":140,"column":8},"end":{"line":140,"column":56}},"74":{"start":{"line":143,"column":4},"end":{"line":145,"column":5}},"75":{"start":{"line":144,"column":8},"end":{"line":144,"column":100}},"76":{"start":{"line":147,"column":4},"end":{"line":147,"column":92}},"77":{"start":{"line":149,"column":4},"end":{"line":149,"column":32}},"78":{"start":{"line":150,"column":4},"end":{"line":150,"column":36}},"79":{"start":{"line":151,"column":4},"end":{"line":151,"column":34}},"80":{"start":{"line":152,"column":4},"end":{"line":152,"column":23}},"81":{"start":{"line":155,"column":13},"end":{"line":165,"column":1}},"82":{"start":{"line":156,"column":19},"end":{"line":156,"column":88}},"83":{"start":{"line":158,"column":4},"end":{"line":164,"column":6}},"84":{"start":{"line":159,"column":8},"end":{"line":163,"column":9}},"85":{"start":{"line":167,"column":0},"end":{"line":171,"column":1}}},"fnMap":{"0":{"name":"(anonymous_0)","decl":{"start":{"line":27,"column":27},"end":{"line":27,"column":28}},"loc":{"start":{"line":27,"column":54},"end":{"line":54,"column":1}},"line":27},"1":{"name":"(anonymous_1)","decl":{"start":{"line":56,"column":46},"end":{"line":56,"column":47}},"loc":{"start":{"line":56,"column":70},"end":{"line":77,"column":1}},"line":56},"2":{"name":"(anonymous_2)","decl":{"start":{"line":78,"column":28},"end":{"line":78,"column":29}},"loc":{"start":{"line":78,"column":52},"end":{"line":86,"column":1}},"line":78},"3":{"name":"(anonymous_3)","decl":{"start":{"line":88,"column":26},"end":{"line":88,"column":27}},"loc":{"start":{"line":88,"column":50},"end":{"line":96,"column":1}},"line":88},"4":{"name":"(anonymous_4)","decl":{"start":{"line":97,"column":15},"end":{"line":97,"column":16}},"loc":{"start":{"line":97,"column":40},"end":{"line":132,"column":1}},"line":97},"5":{"name":"(anonymous_5)","decl":{"start":{"line":134,"column":28},"end":{"line":134,"column":29}},"loc":{"start":{"line":134,"column":60},"end":{"line":153,"column":1}},"line":134},"6":{"name":"(anonymous_6)","decl":{"start":{"line":155,"column":13},"end":{"line":155,"column":14}},"loc":{"start":{"line":155,"column":31},"end":{"line":165,"column":1}},"line":155},"7":{"name":"(anonymous_7)","decl":{"start":{"line":158,"column":22},"end":{"line":158,"column":23}},"loc":{"start":{"line":158,"column":39},"end":{"line":164,"column":5}},"line":158}},"branchMap":{"0":{"loc":{"start":{"line":62,"column":8},"end":{"line":64,"column":9}},"type":"if","locations":[{"start":{"line":62,"column":8},"end":{"line":64,"column":9}},{"start":{},"end":{}}],"line":62},"1":{"loc":{"start":{"line":67,"column":8},"end":{"line":69,"column":9}},"type":"if","locations":[{"start":{"line":67,"column":8},"end":{"line":69,"column":9}},{"start":{},"end":{}}],"line":67},"2":{"loc":{"start":{"line":80,"column":4},"end":{"line":82,"column":5}},"type":"if","locations":[{"start":{"line":80,"column":4},"end":{"line":82,"column":5}},{"start":{},"end":{}}],"line":80},"3":{"loc":{"start":{"line":92,"column":8},"end":{"line":94,"column":9}},"type":"if","locations":[{"start":{"line":92,"column":8},"end":{"line":94,"column":9}},{"start":{},"end":{}}],"line":92},"4":{"loc":{"start":{"line":102,"column":4},"end":{"line":104,"column":5}},"type":"if","locations":[{"start":{"line":102,"column":4},"end":{"line":104,"column":5}},{"start":{},"end":{}}],"line":102},"5":{"loc":{"start":{"line":139,"column":4},"end":{"line":141,"column":5}},"type":"if","locations":[{"start":{"line":139,"column":4},"end":{"line":141,"column":5}},{"start":{},"end":{}}],"line":139},"6":{"loc":{"start":{"line":143,"column":4},"end":{"line":145,"column":5}},"type":"if","locations":[{"start":{"line":143,"column":4},"end":{"line":145,"column":5}},{"start":{},"end":{}}],"line":143}},"s":{"0":0,"1":0,"2":0,"3":0,"4":0,"5":0,"6":0,"7":0,"8":0,"9":0,"10":0,"11":0,"12":0,"13":0,"14":0,"15":0,"16":0,"17":0,"18":0,"19":0,"20":0,"21":0,"22":0,"23":0,"24":0,"25":0,"26":0,"27":0,"28":0,"29":0,"30":0,"31":0,"32":0,"33":0,"34":0,"35":0,"36":0,"37":0,"38":0,"39":0,"40":0,"41":0,"42":0,"43":0,"44":0,"45":0,"46":0,"47":0,"48":0,"49":0,"50":0,"51":0,"52":0,"53":0,"54":0,"55":0,"56":0,"57":0,"58":0,"59":0,"60":0,"61":0,"62":0,"63":0,"64":0,"65":0,"66":0,"67":0,"68":0,"69":0,"70":0,"71":0,"72":0,"73":0,"74":0,"75":0,"76":0,"77":0,"78":0,"79":0,"80":0,"81":0,"82":0,"83":0,"84":0,"85":0},"f":{"0":0,"1":0,"2":0,"3":0,"4":0,"5":0,"6":0,"7":0},"b":{"0":[0,0],"1":[0,0],"2":[0,0],"3":[0,0],"4":[0,0],"5":[0,0],"6":[0,0]}}
,"D:\\B\\CODE\\pzn\\uwupedia\\src\\service\\product.service.js": {"path":"D:\\B\\CODE\\pzn\\uwupedia\\src\\service\\product.service.js","statementMap":{"0":{"start":{"line":1,"column":46},"end":{"line":1,"column":65}},"1":{"start":{"line":2,"column":13},"end":{"line":2,"column":33}},"2":{"start":{"line":3,"column":21},"end":{"line":3,"column":36}},"3":{"start":{"line":4,"column":19},"end":{"line":4,"column":57}},"4":{"start":{"line":5,"column":24},"end":{"line":5,"column":58}},"5":{"start":{"line":6,"column":25},"end":{"line":6,"column":66}},"6":{"start":{"line":12,"column":4},"end":{"line":12,"column":49}},"7":{"start":{"line":15,"column":4},"end":{"line":15,"column":50}},"8":{"start":{"line":18,"column":4},"end":{"line":18,"column":54}},"9":{"start":{"line":19,"column":33},"end":{"line":19,"column":62}},"10":{"start":{"line":20,"column":36},"end":{"line":20,"column":69}},"11":{"start":{"line":21,"column":26},"end":{"line":21,"column":73}},"12":{"start":{"line":22,"column":27},"end":{"line":22,"column":75}},"13":{"start":{"line":23,"column":30},"end":{"line":23,"column":82}},"14":{"start":{"line":24,"column":27},"end":{"line":24,"column":75}},"15":{"start":{"line":25,"column":26},"end":{"line":25,"column":69}},"16":{"start":{"line":28,"column":29},"end":{"line":54,"column":1}},"17":{"start":{"line":29,"column":4},"end":{"line":53,"column":6}},"18":{"start":{"line":55,"column":15},"end":{"line":74,"column":1}},"19":{"start":{"line":56,"column":4},"end":{"line":56,"column":61}},"20":{"start":{"line":57,"column":4},"end":{"line":57,"column":70}},"21":{"start":{"line":59,"column":4},"end":{"line":59,"column":58}},"22":{"start":{"line":60,"column":4},"end":{"line":60,"column":79}},"23":{"start":{"line":62,"column":20},"end":{"line":62,"column":62}},"24":{"start":{"line":64,"column":4},"end":{"line":64,"column":26}},"25":{"start":{"line":65,"column":4},"end":{"line":65,"column":37}},"26":{"start":{"line":66,"column":4},"end":{"line":66,"column":44}},"27":{"start":{"line":67,"column":4},"end":{"line":67,"column":29}},"28":{"start":{"line":68,"column":4},"end":{"line":68,"column":35}},"29":{"start":{"line":70,"column":4},"end":{"line":70,"column":44}},"30":{"start":{"line":71,"column":28},"end":{"line":71,"column":98}},"31":{"start":{"line":73,"column":4},"end":{"line":73,"column":49}},"32":{"start":{"line":76,"column":12},"end":{"line":86,"column":1}},"33":{"start":{"line":77,"column":4},"end":{"line":77,"column":58}},"34":{"start":{"line":79,"column":28},"end":{"line":79,"column":97}},"35":{"start":{"line":81,"column":4},"end":{"line":83,"column":5}},"36":{"start":{"line":82,"column":8},"end":{"line":82,"column":58}},"37":{"start":{"line":85,"column":4},"end":{"line":85,"column":49}},"38":{"start":{"line":88,"column":15},"end":{"line":121,"column":1}},"39":{"start":{"line":89,"column":4},"end":{"line":89,"column":57}},"40":{"start":{"line":91,"column":17},"end":{"line":91,"column":50}},"41":{"start":{"line":93,"column":20},"end":{"line":96,"column":5}},"42":{"start":{"line":98,"column":4},"end":{"line":100,"column":5}},"43":{"start":{"line":99,"column":8},"end":{"line":99,"column":59}},"44":{"start":{"line":102,"column":4},"end":{"line":104,"column":5}},"45":{"start":{"line":103,"column":8},"end":{"line":103,"column":49}},"46":{"start":{"line":106,"column":4},"end":{"line":108,"column":5}},"47":{"start":{"line":107,"column":8},"end":{"line":107,"column":56}},"48":{"start":{"line":110,"column":21},"end":{"line":110,"column":102}},"49":{"start":{"line":111,"column":25},"end":{"line":111,"column":76}},"50":{"start":{"line":113,"column":4},"end":{"line":120,"column":6}},"51":{"start":{"line":114,"column":46},"end":{"line":114,"column":83}},"52":{"start":{"line":123,"column":15},"end":{"line":142,"column":1}},"53":{"start":{"line":124,"column":20},"end":{"line":124,"column":62}},"54":{"start":{"line":125,"column":4},"end":{"line":125,"column":58}},"55":{"start":{"line":127,"column":4},"end":{"line":127,"column":54}},"56":{"start":{"line":128,"column":4},"end":{"line":128,"column":82}},"57":{"start":{"line":130,"column":29},"end":{"line":130,"column":75}},"58":{"start":{"line":131,"column":4},"end":{"line":133,"column":5}},"59":{"start":{"line":132,"column":8},"end":{"line":132,"column":58}},"60":{"start":{"line":135,"column":4},"end":{"line":135,"column":43}},"61":{"start":{"line":136,"column":4},"end":{"line":136,"column":43}},"62":{"start":{"line":137,"column":4},"end":{"line":137,"column":43}},"63":{"start":{"line":138,"column":4},"end":{"line":138,"column":55}},"64":{"start":{"line":139,"column":4},"end":{"line":139,"column":55}},"65":{"start":{"line":140,"column":4},"end":{"line":140,"column":45}},"66":{"start":{"line":141,"column":4},"end":{"line":141,"column":33}},"67":{"start":{"line":144,"column":15},"end":{"line":155,"column":1}},"68":{"start":{"line":145,"column":4},"end":{"line":145,"column":58}},"69":{"start":{"line":147,"column":29},"end":{"line":147,"column":75}},"70":{"start":{"line":148,"column":4},"end":{"line":150,"column":5}},"71":{"start":{"line":149,"column":8},"end":{"line":149,"column":58}},"72":{"start":{"line":152,"column":4},"end":{"line":152,"column":39}},"73":{"start":{"line":153,"column":4},"end":{"line":153,"column":45}},"74":{"start":{"line":154,"column":4},"end":{"line":154,"column":34}},"75":{"start":{"line":157,"column":20},"end":{"line":164,"column":1}},"76":{"start":{"line":158,"column":4},"end":{"line":158,"column":56}},"77":{"start":{"line":160,"column":29},"end":{"line":160,"column":75}},"78":{"start":{"line":162,"column":4},"end":{"line":162,"column":59}},"79":{"start":{"line":163,"column":4},"end":{"line":163,"column":34}},"80":{"start":{"line":166,"column":0},"end":{"line":173,"column":1}}},"fnMap":{"0":{"name":"(anonymous_0)","decl":{"start":{"line":28,"column":29},"end":{"line":28,"column":30}},"loc":{"start":{"line":28,"column":50},"end":{"line":54,"column":1}},"line":28},"1":{"name":"(anonymous_1)","decl":{"start":{"line":55,"column":15},"end":{"line":55,"column":16}},"loc":{"start":{"line":55,"column":61},"end":{"line":74,"column":1}},"line":55},"2":{"name":"(anonymous_2)","decl":{"start":{"line":76,"column":12},"end":{"line":76,"column":13}},"loc":{"start":{"line":76,"column":33},"end":{"line":86,"column":1}},"line":76},"3":{"name":"(anonymous_3)","decl":{"start":{"line":88,"column":15},"end":{"line":88,"column":16}},"loc":{"start":{"line":88,"column":34},"end":{"line":121,"column":1}},"line":88},"4":{"name":"(anonymous_4)","decl":{"start":{"line":114,"column":27},"end":{"line":114,"column":28}},"loc":{"start":{"line":114,"column":46},"end":{"line":114,"column":83}},"line":114},"5":{"name":"(anonymous_5)","decl":{"start":{"line":123,"column":15},"end":{"line":123,"column":16}},"loc":{"start":{"line":123,"column":45},"end":{"line":142,"column":1}},"line":123},"6":{"name":"(anonymous_6)","decl":{"start":{"line":144,"column":15},"end":{"line":144,"column":16}},"loc":{"start":{"line":144,"column":36},"end":{"line":155,"column":1}},"line":144},"7":{"name":"(anonymous_7)","decl":{"start":{"line":157,"column":20},"end":{"line":157,"column":21}},"loc":{"start":{"line":157,"column":47},"end":{"line":164,"column":1}},"line":157}},"branchMap":{"0":{"loc":{"start":{"line":81,"column":4},"end":{"line":83,"column":5}},"type":"if","locations":[{"start":{"line":81,"column":4},"end":{"line":83,"column":5}},{"start":{},"end":{}}],"line":81},"1":{"loc":{"start":{"line":98,"column":4},"end":{"line":100,"column":5}},"type":"if","locations":[{"start":{"line":98,"column":4},"end":{"line":100,"column":5}},{"start":{},"end":{}}],"line":98},"2":{"loc":{"start":{"line":102,"column":4},"end":{"line":104,"column":5}},"type":"if","locations":[{"start":{"line":102,"column":4},"end":{"line":104,"column":5}},{"start":{},"end":{}}],"line":102},"3":{"loc":{"start":{"line":106,"column":4},"end":{"line":108,"column":5}},"type":"if","locations":[{"start":{"line":106,"column":4},"end":{"line":108,"column":5}},{"start":{},"end":{}}],"line":106},"4":{"loc":{"start":{"line":131,"column":4},"end":{"line":133,"column":5}},"type":"if","locations":[{"start":{"line":131,"column":4},"end":{"line":133,"column":5}},{"start":{},"end":{}}],"line":131},"5":{"loc":{"start":{"line":148,"column":4},"end":{"line":150,"column":5}},"type":"if","locations":[{"start":{"line":148,"column":4},"end":{"line":150,"column":5}},{"start":{},"end":{}}],"line":148}},"s":{"0":0,"1":0,"2":0,"3":0,"4":0,"5":0,"6":0,"7":0,"8":0,"9":0,"10":0,"11":0,"12":0,"13":0,"14":0,"15":0,"16":0,"17":0,"18":0,"19":0,"20":0,"21":0,"22":0,"23":0,"24":0,"25":0,"26":0,"27":0,"28":0,"29":0,"30":0,"31":0,"32":0,"33":0,"34":0,"35":0,"36":0,"37":0,"38":0,"39":0,"40":0,"41":0,"42":0,"43":0,"44":0,"45":0,"46":0,"47":0,"48":0,"49":0,"50":0,"51":0,"52":0,"53":0,"54":0,"55":0,"56":0,"57":0,"58":0,"59":0,"60":0,"61":0,"62":0,"63":0,"64":0,"65":0,"66":0,"67":0,"68":0,"69":0,"70":0,"71":0,"72":0,"73":0,"74":0,"75":0,"76":0,"77":0,"78":0,"79":0,"80":0},"f":{"0":0,"1":0,"2":0,"3":0,"4":0,"5":0,"6":0,"7":0},"b":{"0":[0,0],"1":[0,0],"2":[0,0],"3":[0,0],"4":[0,0],"5":[0,0]}}
,"D:\\B\\CODE\\pzn\\uwupedia\\src\\service\\sub-category.service.js": {"path":"D:\\B\\CODE\\pzn\\uwupedia\\src\\service\\sub-category.service.js","statementMap":{"0":{"start":{"line":1,"column":36},"end":{"line":1,"column":55}},"1":{"start":{"line":2,"column":20},"end":{"line":2,"column":40}},"2":{"start":{"line":3,"column":21},"end":{"line":3,"column":36}},"3":{"start":{"line":4,"column":19},"end":{"line":4,"column":57}},"4":{"start":{"line":5,"column":24},"end":{"line":5,"column":58}},"5":{"start":{"line":6,"column":34},"end":{"line":6,"column":72}},"6":{"start":{"line":9,"column":4},"end":{"line":9,"column":54}},"7":{"start":{"line":12,"column":4},"end":{"line":12,"column":50}},"8":{"start":{"line":13,"column":33},"end":{"line":13,"column":62}},"9":{"start":{"line":14,"column":30},"end":{"line":14,"column":78}},"10":{"start":{"line":17,"column":34},"end":{"line":25,"column":1}},"11":{"start":{"line":18,"column":21},"end":{"line":18,"column":111}},"12":{"start":{"line":20,"column":4},"end":{"line":22,"column":5}},"13":{"start":{"line":21,"column":8},"end":{"line":21,"column":63}},"14":{"start":{"line":24,"column":4},"end":{"line":24,"column":23}},"15":{"start":{"line":27,"column":15},"end":{"line":46,"column":1}},"16":{"start":{"line":28,"column":4},"end":{"line":28,"column":61}},"17":{"start":{"line":29,"column":24},"end":{"line":29,"column":66}},"18":{"start":{"line":31,"column":4},"end":{"line":31,"column":58}},"19":{"start":{"line":33,"column":4},"end":{"line":33,"column":65}},"20":{"start":{"line":34,"column":31},"end":{"line":34,"column":115}},"21":{"start":{"line":36,"column":4},"end":{"line":38,"column":5}},"22":{"start":{"line":37,"column":8},"end":{"line":37,"column":68}},"23":{"start":{"line":40,"column":4},"end":{"line":40,"column":30}},"24":{"start":{"line":41,"column":4},"end":{"line":41,"column":41}},"25":{"start":{"line":42,"column":4},"end":{"line":42,"column":33}},"26":{"start":{"line":43,"column":4},"end":{"line":43,"column":40}},"27":{"start":{"line":45,"column":4},"end":{"line":45,"column":59}},"28":{"start":{"line":48,"column":13},"end":{"line":53,"column":1}},"29":{"start":{"line":49,"column":4},"end":{"line":49,"column":61}},"30":{"start":{"line":50,"column":4},"end":{"line":50,"column":58}},"31":{"start":{"line":52,"column":4},"end":{"line":52,"column":71}},"32":{"start":{"line":55,"column":15},"end":{"line":68,"column":1}},"33":{"start":{"line":56,"column":4},"end":{"line":56,"column":61}},"34":{"start":{"line":57,"column":4},"end":{"line":57,"column":70}},"35":{"start":{"line":59,"column":24},"end":{"line":59,"column":114}},"36":{"start":{"line":61,"column":4},"end":{"line":63,"column":5}},"37":{"start":{"line":62,"column":8},"end":{"line":62,"column":63}},"38":{"start":{"line":65,"column":4},"end":{"line":65,"column":34}},"39":{"start":{"line":66,"column":4},"end":{"line":66,"column":40}},"40":{"start":{"line":67,"column":4},"end":{"line":67,"column":29}},"41":{"start":{"line":70,"column":0},"end":{"line":75,"column":1}}},"fnMap":{"0":{"name":"(anonymous_0)","decl":{"start":{"line":17,"column":34},"end":{"line":17,"column":35}},"loc":{"start":{"line":17,"column":71},"end":{"line":25,"column":1}},"line":17},"1":{"name":"(anonymous_1)","decl":{"start":{"line":27,"column":15},"end":{"line":27,"column":16}},"loc":{"start":{"line":27,"column":46},"end":{"line":46,"column":1}},"line":27},"2":{"name":"(anonymous_2)","decl":{"start":{"line":48,"column":13},"end":{"line":48,"column":14}},"loc":{"start":{"line":48,"column":35},"end":{"line":53,"column":1}},"line":48},"3":{"name":"(anonymous_3)","decl":{"start":{"line":55,"column":15},"end":{"line":55,"column":16}},"loc":{"start":{"line":55,"column":52},"end":{"line":68,"column":1}},"line":55}},"branchMap":{"0":{"loc":{"start":{"line":20,"column":4},"end":{"line":22,"column":5}},"type":"if","locations":[{"start":{"line":20,"column":4},"end":{"line":22,"column":5}},{"start":{},"end":{}}],"line":20},"1":{"loc":{"start":{"line":36,"column":4},"end":{"line":38,"column":5}},"type":"if","locations":[{"start":{"line":36,"column":4},"end":{"line":38,"column":5}},{"start":{},"end":{}}],"line":36},"2":{"loc":{"start":{"line":61,"column":4},"end":{"line":63,"column":5}},"type":"if","locations":[{"start":{"line":61,"column":4},"end":{"line":63,"column":5}},{"start":{},"end":{}}],"line":61}},"s":{"0":0,"1":0,"2":0,"3":0,"4":0,"5":0,"6":0,"7":0,"8":0,"9":0,"10":0,"11":0,"12":0,"13":0,"14":0,"15":0,"16":0,"17":0,"18":0,"19":0,"20":0,"21":0,"22":0,"23":0,"24":0,"25":0,"26":0,"27":0,"28":0,"29":0,"30":0,"31":0,"32":0,"33":0,"34":0,"35":0,"36":0,"37":0,"38":0,"39":0,"40":0,"41":0},"f":{"0":0,"1":0,"2":0,"3":0},"b":{"0":[0,0],"1":[0,0],"2":[0,0]}}
,"D:\\B\\CODE\\pzn\\uwupedia\\src\\service\\user.service.js": {"path":"D:\\B\\CODE\\pzn\\uwupedia\\src\\service\\user.service.js","statementMap":{"0":{"start":{"line":1,"column":0},"end":{"line":1,"column":27}},"1":{"start":{"line":2,"column":15},"end":{"line":2,"column":34}},"2":{"start":{"line":3,"column":20},"end":{"line":3,"column":40}},"3":{"start":{"line":4,"column":21},"end":{"line":4,"column":36}},"4":{"start":{"line":5,"column":15},"end":{"line":5,"column":32}},"5":{"start":{"line":6,"column":12},"end":{"line":6,"column":35}},"6":{"start":{"line":7,"column":13},"end":{"line":7,"column":45}},"7":{"start":{"line":8,"column":19},"end":{"line":8,"column":57}},"8":{"start":{"line":9,"column":24},"end":{"line":9,"column":58}},"9":{"start":{"line":13,"column":4},"end":{"line":13,"column":46}},"10":{"start":{"line":14,"column":23},"end":{"line":14,"column":63}},"11":{"start":{"line":15,"column":22},"end":{"line":15,"column":55}},"12":{"start":{"line":16,"column":20},"end":{"line":16,"column":58}},"13":{"start":{"line":17,"column":21},"end":{"line":17,"column":60}},"14":{"start":{"line":20,"column":24},"end":{"line":25,"column":1}},"15":{"start":{"line":21,"column":17},"end":{"line":21,"column":65}},"16":{"start":{"line":22,"column":4},"end":{"line":24,"column":5}},"17":{"start":{"line":23,"column":8},"end":{"line":23,"column":67}},"18":{"start":{"line":27,"column":21},"end":{"line":32,"column":1}},"19":{"start":{"line":28,"column":17},"end":{"line":28,"column":59}},"20":{"start":{"line":29,"column":4},"end":{"line":31,"column":5}},"21":{"start":{"line":30,"column":8},"end":{"line":30,"column":64}},"22":{"start":{"line":34,"column":17},"end":{"line":56,"column":1}},"23":{"start":{"line":35,"column":17},"end":{"line":35,"column":52}},"24":{"start":{"line":37,"column":4},"end":{"line":37,"column":41}},"25":{"start":{"line":38,"column":4},"end":{"line":38,"column":34}},"26":{"start":{"line":40,"column":4},"end":{"line":40,"column":57}},"27":{"start":{"line":42,"column":4},"end":{"line":42,"column":23}},"28":{"start":{"line":43,"column":4},"end":{"line":43,"column":26}},"29":{"start":{"line":44,"column":4},"end":{"line":44,"column":27}},"30":{"start":{"line":45,"column":4},"end":{"line":45,"column":31}},"31":{"start":{"line":46,"column":4},"end":{"line":46,"column":40}},"32":{"start":{"line":47,"column":4},"end":{"line":47,"column":66}},"33":{"start":{"line":48,"column":4},"end":{"line":48,"column":33}},"34":{"start":{"line":50,"column":17},"end":{"line":50,"column":88}},"35":{"start":{"line":51,"column":4},"end":{"line":51,"column":102}},"36":{"start":{"line":54,"column":24},"end":{"line":54,"column":57}},"37":{"start":{"line":55,"column":4},"end":{"line":55,"column":68}},"38":{"start":{"line":58,"column":22},"end":{"line":79,"column":1}},"39":{"start":{"line":59,"column":24},"end":{"line":59,"column":56}},"40":{"start":{"line":60,"column":17},"end":{"line":60,"column":93}},"41":{"start":{"line":62,"column":4},"end":{"line":64,"column":5}},"42":{"start":{"line":63,"column":8},"end":{"line":63,"column":55}},"43":{"start":{"line":66,"column":4},"end":{"line":69,"column":5}},"44":{"start":{"line":67,"column":8},"end":{"line":67,"column":70}},"45":{"start":{"line":68,"column":8},"end":{"line":68,"column":92}},"46":{"start":{"line":71,"column":4},"end":{"line":73,"column":5}},"47":{"start":{"line":72,"column":8},"end":{"line":72,"column":102}},"48":{"start":{"line":75,"column":4},"end":{"line":75,"column":35}},"49":{"start":{"line":76,"column":4},"end":{"line":76,"column":26}},"50":{"start":{"line":77,"column":4},"end":{"line":77,"column":33}},"51":{"start":{"line":78,"column":4},"end":{"line":78,"column":16}},"52":{"start":{"line":82,"column":23},"end":{"line":96,"column":1}},"53":{"start":{"line":83,"column":17},"end":{"line":83,"column":76}},"54":{"start":{"line":85,"column":4},"end":{"line":87,"column":5}},"55":{"start":{"line":86,"column":8},"end":{"line":86,"column":55}},"56":{"start":{"line":89,"column":4},"end":{"line":89,"column":40}},"57":{"start":{"line":90,"column":4},"end":{"line":90,"column":66}},"58":{"start":{"line":91,"column":4},"end":{"line":91,"column":33}},"59":{"start":{"line":92,"column":4},"end":{"line":92,"column":16}},"60":{"start":{"line":94,"column":17},"end":{"line":94,"column":88}},"61":{"start":{"line":95,"column":4},"end":{"line":95,"column":102}},"62":{"start":{"line":98,"column":14},"end":{"line":118,"column":1}},"63":{"start":{"line":99,"column":25},"end":{"line":99,"column":59}},"64":{"start":{"line":101,"column":17},"end":{"line":101,"column":72}},"65":{"start":{"line":103,"column":4},"end":{"line":105,"column":5}},"66":{"start":{"line":104,"column":8},"end":{"line":104,"column":55}},"67":{"start":{"line":107,"column":28},"end":{"line":107,"column":80}},"68":{"start":{"line":108,"column":4},"end":{"line":110,"column":5}},"69":{"start":{"line":109,"column":8},"end":{"line":109,"column":71}},"70":{"start":{"line":112,"column":4},"end":{"line":117,"column":47}},"71":{"start":{"line":120,"column":12},"end":{"line":127,"column":1}},"72":{"start":{"line":121,"column":17},"end":{"line":121,"column":57}},"73":{"start":{"line":122,"column":4},"end":{"line":124,"column":5}},"74":{"start":{"line":123,"column":8},"end":{"line":123,"column":55}},"75":{"start":{"line":126,"column":4},"end":{"line":126,"column":16}},"76":{"start":{"line":140,"column":0},"end":{"line":147,"column":1}}},"fnMap":{"0":{"name":"(anonymous_0)","decl":{"start":{"line":20,"column":24},"end":{"line":20,"column":25}},"loc":{"start":{"line":20,"column":44},"end":{"line":25,"column":1}},"line":20},"1":{"name":"(anonymous_1)","decl":{"start":{"line":27,"column":21},"end":{"line":27,"column":22}},"loc":{"start":{"line":27,"column":38},"end":{"line":32,"column":1}},"line":27},"2":{"name":"(anonymous_2)","decl":{"start":{"line":34,"column":17},"end":{"line":34,"column":18}},"loc":{"start":{"line":34,"column":36},"end":{"line":56,"column":1}},"line":34},"3":{"name":"(anonymous_3)","decl":{"start":{"line":58,"column":22},"end":{"line":58,"column":23}},"loc":{"start":{"line":58,"column":49},"end":{"line":79,"column":1}},"line":58},"4":{"name":"(anonymous_4)","decl":{"start":{"line":82,"column":23},"end":{"line":82,"column":24}},"loc":{"start":{"line":82,"column":41},"end":{"line":96,"column":1}},"line":82},"5":{"name":"(anonymous_5)","decl":{"start":{"line":98,"column":14},"end":{"line":98,"column":15}},"loc":{"start":{"line":98,"column":33},"end":{"line":118,"column":1}},"line":98},"6":{"name":"(anonymous_6)","decl":{"start":{"line":120,"column":12},"end":{"line":120,"column":13}},"loc":{"start":{"line":120,"column":30},"end":{"line":127,"column":1}},"line":120}},"branchMap":{"0":{"loc":{"start":{"line":22,"column":4},"end":{"line":24,"column":5}},"type":"if","locations":[{"start":{"line":22,"column":4},"end":{"line":24,"column":5}},{"start":{},"end":{}}],"line":22},"1":{"loc":{"start":{"line":29,"column":4},"end":{"line":31,"column":5}},"type":"if","locations":[{"start":{"line":29,"column":4},"end":{"line":31,"column":5}},{"start":{},"end":{}}],"line":29},"2":{"loc":{"start":{"line":62,"column":4},"end":{"line":64,"column":5}},"type":"if","locations":[{"start":{"line":62,"column":4},"end":{"line":64,"column":5}},{"start":{},"end":{}}],"line":62},"3":{"loc":{"start":{"line":66,"column":4},"end":{"line":69,"column":5}},"type":"if","locations":[{"start":{"line":66,"column":4},"end":{"line":69,"column":5}},{"start":{},"end":{}}],"line":66},"4":{"loc":{"start":{"line":71,"column":4},"end":{"line":73,"column":5}},"type":"if","locations":[{"start":{"line":71,"column":4},"end":{"line":73,"column":5}},{"start":{},"end":{}}],"line":71},"5":{"loc":{"start":{"line":85,"column":4},"end":{"line":87,"column":5}},"type":"if","locations":[{"start":{"line":85,"column":4},"end":{"line":87,"column":5}},{"start":{},"end":{}}],"line":85},"6":{"loc":{"start":{"line":103,"column":4},"end":{"line":105,"column":5}},"type":"if","locations":[{"start":{"line":103,"column":4},"end":{"line":105,"column":5}},{"start":{},"end":{}}],"line":103},"7":{"loc":{"start":{"line":108,"column":4},"end":{"line":110,"column":5}},"type":"if","locations":[{"start":{"line":108,"column":4},"end":{"line":110,"column":5}},{"start":{},"end":{}}],"line":108},"8":{"loc":{"start":{"line":122,"column":4},"end":{"line":124,"column":5}},"type":"if","locations":[{"start":{"line":122,"column":4},"end":{"line":124,"column":5}},{"start":{},"end":{}}],"line":122}},"s":{"0":1,"1":1,"2":1,"3":1,"4":1,"5":1,"6":1,"7":1,"8":1,"9":1,"10":1,"11":1,"12":1,"13":1,"14":1,"15":3,"16":3,"17":1,"18":1,"19":2,"20":2,"21":1,"22":1,"23":3,"24":3,"25":2,"26":1,"27":1,"28":1,"29":1,"30":1,"31":1,"32":1,"33":1,"34":1,"35":1,"36":1,"37":1,"38":1,"39":4,"40":4,"41":4,"42":1,"43":3,"44":1,"45":1,"46":2,"47":1,"48":1,"49":1,"50":1,"51":1,"52":1,"53":2,"54":2,"55":1,"56":1,"57":1,"58":1,"59":1,"60":1,"61":1,"62":1,"63":3,"64":3,"65":3,"66":1,"67":2,"68":2,"69":1,"70":1,"71":1,"72":2,"73":2,"74":1,"75":1,"76":1},"f":{"0":3,"1":2,"2":3,"3":4,"4":2,"5":3,"6":2},"b":{"0":[1,2],"1":[1,1],"2":[1,3],"3":[1,2],"4":[1,1],"5":[1,1],"6":[1,2],"7":[1,1],"8":[1,1]},"_coverageSchema":"1a1c01bbd47fc00a2c39e90264f33305004495a9","hash":"736715b401db4a2ef55065f01ad4029aceef016f"}
}
