{"D:\\B\\CODE\\pzn\\uwupedia\\src\\app.js": {"path":"D:\\B\\CODE\\pzn\\uwupedia\\src\\app.js","statementMap":{"0":{"start":{"line":1,"column":0},"end":{"line":1,"column":49}},"1":{"start":{"line":2,"column":15},"end":{"line":2,"column":38}},"2":{"start":{"line":4,"column":16},"end":{"line":4,"column":34}},"3":{"start":{"line":5,"column":13},"end":{"line":5,"column":28}},"4":{"start":{"line":7,"column":0},"end":{"line":7,"column":71}},"5":{"start":{"line":9,"column":26},"end":{"line":9,"column":66}},"6":{"start":{"line":10,"column":34},"end":{"line":10,"column":84}},"7":{"start":{"line":11,"column":27},"end":{"line":11,"column":68}},"8":{"start":{"line":12,"column":23},"end":{"line":12,"column":50}},"9":{"start":{"line":14,"column":13},"end":{"line":14,"column":30}},"10":{"start":{"line":16,"column":17},"end":{"line":16,"column":39}},"11":{"start":{"line":17,"column":18},"end":{"line":17,"column":47}},"12":{"start":{"line":19,"column":24},"end":{"line":19,"column":83}},"13":{"start":{"line":21,"column":13},"end":{"line":21,"column":41}},"14":{"start":{"line":22,"column":16},"end":{"line":22,"column":52}},"15":{"start":{"line":24,"column":12},"end":{"line":24,"column":21}},"16":{"start":{"line":26,"column":0},"end":{"line":26,"column":26}},"17":{"start":{"line":27,"column":0},"end":{"line":27,"column":24}},"18":{"start":{"line":29,"column":0},"end":{"line":29,"column":21}},"19":{"start":{"line":31,"column":0},"end":{"line":33,"column":3}},"20":{"start":{"line":32,"column":4},"end":{"line":32,"column":46}},"21":{"start":{"line":35,"column":0},"end":{"line":35,"column":37}},"22":{"start":{"line":37,"column":0},"end":{"line":37,"column":72}},"23":{"start":{"line":38,"column":0},"end":{"line":38,"column":25}},"24":{"start":{"line":39,"column":0},"end":{"line":39,"column":32}},"25":{"start":{"line":41,"column":0},"end":{"line":43,"column":2}},"26":{"start":{"line":42,"column":4},"end":{"line":42,"column":53}}},"fnMap":{"0":{"name":"mainHandler","decl":{"start":{"line":31,"column":34},"end":{"line":31,"column":45}},"loc":{"start":{"line":31,"column":56},"end":{"line":33,"column":1}},"line":31},"1":{"name":"(anonymous_1)","decl":{"start":{"line":41,"column":17},"end":{"line":41,"column":18}},"loc":{"start":{"line":41,"column":23},"end":{"line":43,"column":1}},"line":41}},"branchMap":{"0":{"loc":{"start":{"line":21,"column":13},"end":{"line":21,"column":41}},"type":"binary-expr","locations":[{"start":{"line":21,"column":13},"end":{"line":21,"column":33}},{"start":{"line":21,"column":37},"end":{"line":21,"column":41}}],"line":21},"1":{"loc":{"start":{"line":22,"column":16},"end":{"line":22,"column":52}},"type":"binary-expr","locations":[{"start":{"line":22,"column":16},"end":{"line":22,"column":36}},{"start":{"line":22,"column":40},"end":{"line":22,"column":52}}],"line":22}},"s":{"0":0,"1":0,"2":0,"3":0,"4":0,"5":0,"6":0,"7":0,"8":0,"9":0,"10":0,"11":0,"12":0,"13":0,"14":0,"15":0,"16":0,"17":0,"18":0,"19":0,"20":0,"21":0,"22":0,"23":0,"24":0,"25":0,"26":0},"f":{"0":0,"1":0},"b":{"0":[0,0],"1":[0,0]}}
,"D:\\B\\CODE\\pzn\\uwupedia\\src\\db\\config\\config.js": {"path":"D:\\B\\CODE\\pzn\\uwupedia\\src\\db\\config\\config.js","statementMap":{"0":{"start":{"line":1,"column":0},"end":{"line":1,"column":27}},"1":{"start":{"line":4,"column":4},"end":{"line":4,"column":15}},"2":{"start":{"line":6,"column":0},"end":{"line":31,"column":2}}},"fnMap":{},"branchMap":{},"s":{"0":2,"1":2,"2":2},"f":{},"b":{},"_coverageSchema":"1a1c01bbd47fc00a2c39e90264f33305004495a9","hash":"dd56e2c14498a65683b05845812f0c477b169db8"}
,"D:\\B\\CODE\\pzn\\uwupedia\\src\\db\\migrations\\20240511142012-create-user.js": {"path":"D:\\B\\CODE\\pzn\\uwupedia\\src\\db\\migrations\\20240511142012-create-user.js","statementMap":{"0":{"start":{"line":3,"column":0},"end":{"line":58,"column":2}},"1":{"start":{"line":5,"column":8},"end":{"line":53,"column":11}},"2":{"start":{"line":56,"column":8},"end":{"line":56,"column":48}}},"fnMap":{"0":{"name":"(anonymous_0)","decl":{"start":{"line":4,"column":4},"end":{"line":4,"column":5}},"loc":{"start":{"line":4,"column":40},"end":{"line":54,"column":5}},"line":4},"1":{"name":"(anonymous_1)","decl":{"start":{"line":55,"column":4},"end":{"line":55,"column":5}},"loc":{"start":{"line":55,"column":42},"end":{"line":57,"column":5}},"line":55}},"branchMap":{},"s":{"0":0,"1":0,"2":0},"f":{"0":0,"1":0},"b":{}}
,"D:\\B\\CODE\\pzn\\uwupedia\\src\\db\\migrations\\20240511144338-create-categories.js": {"path":"D:\\B\\CODE\\pzn\\uwupedia\\src\\db\\migrations\\20240511144338-create-categories.js","statementMap":{"0":{"start":{"line":3,"column":0},"end":{"line":34,"column":2}},"1":{"start":{"line":5,"column":8},"end":{"line":29,"column":11}},"2":{"start":{"line":32,"column":8},"end":{"line":32,"column":53}}},"fnMap":{"0":{"name":"(anonymous_0)","decl":{"start":{"line":4,"column":4},"end":{"line":4,"column":5}},"loc":{"start":{"line":4,"column":40},"end":{"line":30,"column":5}},"line":4},"1":{"name":"(anonymous_1)","decl":{"start":{"line":31,"column":4},"end":{"line":31,"column":5}},"loc":{"start":{"line":31,"column":42},"end":{"line":33,"column":5}},"line":31}},"branchMap":{},"s":{"0":0,"1":0,"2":0},"f":{"0":0,"1":0},"b":{}}
,"D:\\B\\CODE\\pzn\\uwupedia\\src\\db\\migrations\\20240511144843-create-address.js": {"path":"D:\\B\\CODE\\pzn\\uwupedia\\src\\db\\migrations\\20240511144843-create-address.js","statementMap":{"0":{"start":{"line":3,"column":0},"end":{"line":67,"column":2}},"1":{"start":{"line":5,"column":8},"end":{"line":62,"column":11}},"2":{"start":{"line":65,"column":8},"end":{"line":65,"column":52}}},"fnMap":{"0":{"name":"(anonymous_0)","decl":{"start":{"line":4,"column":4},"end":{"line":4,"column":5}},"loc":{"start":{"line":4,"column":40},"end":{"line":63,"column":5}},"line":4},"1":{"name":"(anonymous_1)","decl":{"start":{"line":64,"column":4},"end":{"line":64,"column":5}},"loc":{"start":{"line":64,"column":42},"end":{"line":66,"column":5}},"line":64}},"branchMap":{},"s":{"0":0,"1":0,"2":0},"f":{"0":0,"1":0},"b":{}}
,"D:\\B\\CODE\\pzn\\uwupedia\\src\\db\\migrations\\20240511145243-create-sub-categories.js": {"path":"D:\\B\\CODE\\pzn\\uwupedia\\src\\db\\migrations\\20240511145243-create-sub-categories.js","statementMap":{"0":{"start":{"line":3,"column":0},"end":{"line":40,"column":2}},"1":{"start":{"line":5,"column":8},"end":{"line":35,"column":11}},"2":{"start":{"line":38,"column":8},"end":{"line":38,"column":57}}},"fnMap":{"0":{"name":"(anonymous_0)","decl":{"start":{"line":4,"column":4},"end":{"line":4,"column":5}},"loc":{"start":{"line":4,"column":40},"end":{"line":36,"column":5}},"line":4},"1":{"name":"(anonymous_1)","decl":{"start":{"line":37,"column":4},"end":{"line":37,"column":5}},"loc":{"start":{"line":37,"column":42},"end":{"line":39,"column":5}},"line":37}},"branchMap":{},"s":{"0":0,"1":0,"2":0},"f":{"0":0,"1":0},"b":{}}
,"D:\\B\\CODE\\pzn\\uwupedia\\src\\db\\migrations\\20240511145815-create-products.js": {"path":"D:\\B\\CODE\\pzn\\uwupedia\\src\\db\\migrations\\20240511145815-create-products.js","statementMap":{"0":{"start":{"line":3,"column":0},"end":{"line":56,"column":2}},"1":{"start":{"line":5,"column":8},"end":{"line":51,"column":11}},"2":{"start":{"line":54,"column":8},"end":{"line":54,"column":51}}},"fnMap":{"0":{"name":"(anonymous_0)","decl":{"start":{"line":4,"column":4},"end":{"line":4,"column":5}},"loc":{"start":{"line":4,"column":40},"end":{"line":52,"column":5}},"line":4},"1":{"name":"(anonymous_1)","decl":{"start":{"line":53,"column":4},"end":{"line":53,"column":5}},"loc":{"start":{"line":53,"column":42},"end":{"line":55,"column":5}},"line":53}},"branchMap":{},"s":{"0":0,"1":0,"2":0},"f":{"0":0,"1":0},"b":{}}
,"D:\\B\\CODE\\pzn\\uwupedia\\src\\db\\migrations\\20240511150349-create-payment-methods.js": {"path":"D:\\B\\CODE\\pzn\\uwupedia\\src\\db\\migrations\\20240511150349-create-payment-methods.js","statementMap":{"0":{"start":{"line":3,"column":0},"end":{"line":45,"column":2}},"1":{"start":{"line":5,"column":8},"end":{"line":40,"column":11}},"2":{"start":{"line":43,"column":8},"end":{"line":43,"column":58}}},"fnMap":{"0":{"name":"(anonymous_0)","decl":{"start":{"line":4,"column":4},"end":{"line":4,"column":5}},"loc":{"start":{"line":4,"column":40},"end":{"line":41,"column":5}},"line":4},"1":{"name":"(anonymous_1)","decl":{"start":{"line":42,"column":4},"end":{"line":42,"column":5}},"loc":{"start":{"line":42,"column":42},"end":{"line":44,"column":5}},"line":42}},"branchMap":{},"s":{"0":0,"1":0,"2":0},"f":{"0":0,"1":0},"b":{}}
,"D:\\B\\CODE\\pzn\\uwupedia\\src\\db\\migrations\\20240511150659-create-logistics.js": {"path":"D:\\B\\CODE\\pzn\\uwupedia\\src\\db\\migrations\\20240511150659-create-logistics.js","statementMap":{"0":{"start":{"line":3,"column":0},"end":{"line":45,"column":2}},"1":{"start":{"line":5,"column":8},"end":{"line":40,"column":11}},"2":{"start":{"line":43,"column":8},"end":{"line":43,"column":52}}},"fnMap":{"0":{"name":"(anonymous_0)","decl":{"start":{"line":4,"column":4},"end":{"line":4,"column":5}},"loc":{"start":{"line":4,"column":40},"end":{"line":41,"column":5}},"line":4},"1":{"name":"(anonymous_1)","decl":{"start":{"line":42,"column":4},"end":{"line":42,"column":5}},"loc":{"start":{"line":42,"column":42},"end":{"line":44,"column":5}},"line":42}},"branchMap":{},"s":{"0":0,"1":0,"2":0},"f":{"0":0,"1":0},"b":{}}
,"D:\\B\\CODE\\pzn\\uwupedia\\src\\db\\migrations\\20240511151205-create-orders.js": {"path":"D:\\B\\CODE\\pzn\\uwupedia\\src\\db\\migrations\\20240511151205-create-orders.js","statementMap":{"0":{"start":{"line":3,"column":0},"end":{"line":52,"column":2}},"1":{"start":{"line":5,"column":8},"end":{"line":47,"column":11}},"2":{"start":{"line":50,"column":8},"end":{"line":50,"column":49}}},"fnMap":{"0":{"name":"(anonymous_0)","decl":{"start":{"line":4,"column":4},"end":{"line":4,"column":5}},"loc":{"start":{"line":4,"column":40},"end":{"line":48,"column":5}},"line":4},"1":{"name":"(anonymous_1)","decl":{"start":{"line":49,"column":4},"end":{"line":49,"column":5}},"loc":{"start":{"line":49,"column":42},"end":{"line":51,"column":5}},"line":49}},"branchMap":{},"s":{"0":0,"1":0,"2":0},"f":{"0":0,"1":0},"b":{}}
,"D:\\B\\CODE\\pzn\\uwupedia\\src\\db\\migrations\\20240511151656-create-orders-details.js": {"path":"D:\\B\\CODE\\pzn\\uwupedia\\src\\db\\migrations\\20240511151656-create-orders-details.js","statementMap":{"0":{"start":{"line":3,"column":0},"end":{"line":68,"column":2}},"1":{"start":{"line":5,"column":8},"end":{"line":63,"column":11}},"2":{"start":{"line":66,"column":8},"end":{"line":66,"column":57}}},"fnMap":{"0":{"name":"(anonymous_0)","decl":{"start":{"line":4,"column":4},"end":{"line":4,"column":5}},"loc":{"start":{"line":4,"column":40},"end":{"line":64,"column":5}},"line":4},"1":{"name":"(anonymous_1)","decl":{"start":{"line":65,"column":4},"end":{"line":65,"column":5}},"loc":{"start":{"line":65,"column":42},"end":{"line":67,"column":5}},"line":65}},"branchMap":{},"s":{"0":0,"1":0,"2":0},"f":{"0":0,"1":0},"b":{}}
,"D:\\B\\CODE\\pzn\\uwupedia\\src\\db\\migrations\\20240611080134-create-chat.js": {"path":"D:\\B\\CODE\\pzn\\uwupedia\\src\\db\\migrations\\20240611080134-create-chat.js","statementMap":{"0":{"start":{"line":3,"column":0},"end":{"line":40,"column":2}},"1":{"start":{"line":5,"column":4},"end":{"line":35,"column":7}},"2":{"start":{"line":38,"column":4},"end":{"line":38,"column":44}}},"fnMap":{"0":{"name":"(anonymous_0)","decl":{"start":{"line":4,"column":2},"end":{"line":4,"column":3}},"loc":{"start":{"line":4,"column":38},"end":{"line":36,"column":3}},"line":4},"1":{"name":"(anonymous_1)","decl":{"start":{"line":37,"column":2},"end":{"line":37,"column":3}},"loc":{"start":{"line":37,"column":40},"end":{"line":39,"column":3}},"line":37}},"branchMap":{},"s":{"0":0,"1":0,"2":0},"f":{"0":0,"1":0},"b":{}}
,"D:\\B\\CODE\\pzn\\uwupedia\\src\\db\\migrations\\20240611081105-create-product-images.js": {"path":"D:\\B\\CODE\\pzn\\uwupedia\\src\\db\\migrations\\20240611081105-create-product-images.js","statementMap":{"0":{"start":{"line":3,"column":0},"end":{"line":37,"column":2}},"1":{"start":{"line":5,"column":4},"end":{"line":32,"column":7}},"2":{"start":{"line":35,"column":4},"end":{"line":35,"column":53}}},"fnMap":{"0":{"name":"(anonymous_0)","decl":{"start":{"line":4,"column":2},"end":{"line":4,"column":3}},"loc":{"start":{"line":4,"column":38},"end":{"line":33,"column":3}},"line":4},"1":{"name":"(anonymous_1)","decl":{"start":{"line":34,"column":2},"end":{"line":34,"column":3}},"loc":{"start":{"line":34,"column":40},"end":{"line":36,"column":3}},"line":34}},"branchMap":{},"s":{"0":0,"1":0,"2":0},"f":{"0":0,"1":0},"b":{}}
,"D:\\B\\CODE\\pzn\\uwupedia\\src\\db\\migrations\\20240611081559-modify_users_add_new_fields.js": {"path":"D:\\B\\CODE\\pzn\\uwupedia\\src\\db\\migrations\\20240611081559-modify_users_add_new_fields.js","statementMap":{"0":{"start":{"line":4,"column":0},"end":{"line":65,"column":2}},"1":{"start":{"line":13,"column":8},"end":{"line":48,"column":10}},"2":{"start":{"line":58,"column":8},"end":{"line":63,"column":10}}},"fnMap":{"0":{"name":"(anonymous_0)","decl":{"start":{"line":5,"column":4},"end":{"line":5,"column":5}},"loc":{"start":{"line":5,"column":40},"end":{"line":49,"column":5}},"line":5},"1":{"name":"(anonymous_1)","decl":{"start":{"line":51,"column":4},"end":{"line":51,"column":5}},"loc":{"start":{"line":51,"column":42},"end":{"line":64,"column":5}},"line":51}},"branchMap":{},"s":{"0":0,"1":0,"2":0},"f":{"0":0,"1":0},"b":{}}
,"D:\\B\\CODE\\pzn\\uwupedia\\src\\db\\migrations\\20240625133453-removecolumn-user-token.js": {"path":"D:\\B\\CODE\\pzn\\uwupedia\\src\\db\\migrations\\20240625133453-removecolumn-user-token.js","statementMap":{"0":{"start":{"line":4,"column":0},"end":{"line":31,"column":2}},"1":{"start":{"line":6,"column":4},"end":{"line":14,"column":7}},"2":{"start":{"line":7,"column":6},"end":{"line":13,"column":9}},"3":{"start":{"line":17,"column":4},"end":{"line":29,"column":7}},"4":{"start":{"line":18,"column":6},"end":{"line":28,"column":9}}},"fnMap":{"0":{"name":"(anonymous_0)","decl":{"start":{"line":5,"column":6},"end":{"line":5,"column":7}},"loc":{"start":{"line":5,"column":37},"end":{"line":15,"column":3}},"line":5},"1":{"name":"(anonymous_1)","decl":{"start":{"line":6,"column":48},"end":{"line":6,"column":49}},"loc":{"start":{"line":6,"column":53},"end":{"line":14,"column":5}},"line":6},"2":{"name":"(anonymous_2)","decl":{"start":{"line":16,"column":8},"end":{"line":16,"column":9}},"loc":{"start":{"line":16,"column":39},"end":{"line":30,"column":3}},"line":16},"3":{"name":"(anonymous_3)","decl":{"start":{"line":17,"column":48},"end":{"line":17,"column":49}},"loc":{"start":{"line":17,"column":53},"end":{"line":29,"column":5}},"line":17}},"branchMap":{},"s":{"0":0,"1":0,"2":0,"3":0,"4":0},"f":{"0":0,"1":0,"2":0,"3":0},"b":{}}
,"D:\\B\\CODE\\pzn\\uwupedia\\src\\db\\seeders\\20240515101331-admin-account.js": {"path":"D:\\B\\CODE\\pzn\\uwupedia\\src\\db\\seeders\\20240515101331-admin-account.js","statementMap":{"0":{"start":{"line":3,"column":21},"end":{"line":3,"column":36}},"1":{"start":{"line":4,"column":15},"end":{"line":4,"column":32}},"2":{"start":{"line":5,"column":13},"end":{"line":5,"column":48}},"3":{"start":{"line":7,"column":0},"end":{"line":42,"column":2}},"4":{"start":{"line":18,"column":4},"end":{"line":30,"column":6}},"5":{"start":{"line":40,"column":4},"end":{"line":40,"column":56}}},"fnMap":{"0":{"name":"(anonymous_0)","decl":{"start":{"line":8,"column":2},"end":{"line":8,"column":3}},"loc":{"start":{"line":8,"column":39},"end":{"line":31,"column":3}},"line":8},"1":{"name":"(anonymous_1)","decl":{"start":{"line":33,"column":2},"end":{"line":33,"column":3}},"loc":{"start":{"line":33,"column":41},"end":{"line":41,"column":3}},"line":33}},"branchMap":{},"s":{"0":0,"1":0,"2":0,"3":0,"4":0,"5":0},"f":{"0":0,"1":0},"b":{}}
,"D:\\B\\CODE\\pzn\\uwupedia\\src\\error\\response-error.js": {"path":"D:\\B\\CODE\\pzn\\uwupedia\\src\\error\\response-error.js","statementMap":{"0":{"start":{"line":4,"column":8},"end":{"line":4,"column":23}},"1":{"start":{"line":5,"column":8},"end":{"line":5,"column":29}},"2":{"start":{"line":10,"column":0},"end":{"line":12,"column":1}}},"fnMap":{"0":{"name":"(anonymous_0)","decl":{"start":{"line":3,"column":4},"end":{"line":3,"column":5}},"loc":{"start":{"line":3,"column":33},"end":{"line":6,"column":5}},"line":3}},"branchMap":{},"s":{"0":0,"1":0,"2":2},"f":{"0":0},"b":{},"_coverageSchema":"1a1c01bbd47fc00a2c39e90264f33305004495a9","hash":"aaa3572e46d68ca6d52564de77f0f13bbb1bb9ac"}
,"D:\\B\\CODE\\pzn\\uwupedia\\src\\handler\\address.handler.js": {"path":"D:\\B\\CODE\\pzn\\uwupedia\\src\\handler\\address.handler.js","statementMap":{"0":{"start":{"line":1,"column":24},"end":{"line":1,"column":61}},"1":{"start":{"line":3,"column":15},"end":{"line":15,"column":1}},"2":{"start":{"line":4,"column":4},"end":{"line":14,"column":5}},"3":{"start":{"line":5,"column":23},"end":{"line":5,"column":34}},"4":{"start":{"line":6,"column":24},"end":{"line":6,"column":32}},"5":{"start":{"line":8,"column":32},"end":{"line":8,"column":76}},"6":{"start":{"line":9,"column":8},"end":{"line":11,"column":11}},"7":{"start":{"line":13,"column":8},"end":{"line":13,"column":20}},"8":{"start":{"line":17,"column":13},"end":{"line":28,"column":1}},"9":{"start":{"line":18,"column":4},"end":{"line":27,"column":5}},"10":{"start":{"line":19,"column":23},"end":{"line":19,"column":34}},"11":{"start":{"line":21,"column":32},"end":{"line":21,"column":65}},"12":{"start":{"line":22,"column":8},"end":{"line":24,"column":11}},"13":{"start":{"line":26,"column":8},"end":{"line":26,"column":20}},"14":{"start":{"line":30,"column":16},"end":{"line":42,"column":1}},"15":{"start":{"line":31,"column":4},"end":{"line":41,"column":5}},"16":{"start":{"line":32,"column":23},"end":{"line":32,"column":34}},"17":{"start":{"line":33,"column":26},"end":{"line":33,"column":46}},"18":{"start":{"line":35,"column":8},"end":{"line":35,"column":56}},"19":{"start":{"line":36,"column":8},"end":{"line":38,"column":10}},"20":{"start":{"line":40,"column":8},"end":{"line":40,"column":20}},"21":{"start":{"line":44,"column":15},"end":{"line":56,"column":1}},"22":{"start":{"line":45,"column":4},"end":{"line":55,"column":5}},"23":{"start":{"line":46,"column":23},"end":{"line":46,"column":34}},"24":{"start":{"line":47,"column":26},"end":{"line":47,"column":46}},"25":{"start":{"line":49,"column":8},"end":{"line":49,"column":55}},"26":{"start":{"line":50,"column":8},"end":{"line":52,"column":10}},"27":{"start":{"line":54,"column":8},"end":{"line":54,"column":20}},"28":{"start":{"line":58,"column":0},"end":{"line":63,"column":1}}},"fnMap":{"0":{"name":"(anonymous_0)","decl":{"start":{"line":3,"column":15},"end":{"line":3,"column":16}},"loc":{"start":{"line":3,"column":41},"end":{"line":15,"column":1}},"line":3},"1":{"name":"(anonymous_1)","decl":{"start":{"line":17,"column":13},"end":{"line":17,"column":14}},"loc":{"start":{"line":17,"column":39},"end":{"line":28,"column":1}},"line":17},"2":{"name":"(anonymous_2)","decl":{"start":{"line":30,"column":16},"end":{"line":30,"column":17}},"loc":{"start":{"line":30,"column":42},"end":{"line":42,"column":1}},"line":30},"3":{"name":"(anonymous_3)","decl":{"start":{"line":44,"column":15},"end":{"line":44,"column":16}},"loc":{"start":{"line":44,"column":41},"end":{"line":56,"column":1}},"line":44}},"branchMap":{},"s":{"0":0,"1":0,"2":0,"3":0,"4":0,"5":0,"6":0,"7":0,"8":0,"9":0,"10":0,"11":0,"12":0,"13":0,"14":0,"15":0,"16":0,"17":0,"18":0,"19":0,"20":0,"21":0,"22":0,"23":0,"24":0,"25":0,"26":0,"27":0,"28":0},"f":{"0":0,"1":0,"2":0,"3":0},"b":{}}
,"D:\\B\\CODE\\pzn\\uwupedia\\src\\handler\\category.handler.js": {"path":"D:\\B\\CODE\\pzn\\uwupedia\\src\\handler\\category.handler.js","statementMap":{"0":{"start":{"line":1,"column":26},"end":{"line":1,"column":64}},"1":{"start":{"line":3,"column":15},"end":{"line":14,"column":1}},"2":{"start":{"line":4,"column":4},"end":{"line":13,"column":5}},"3":{"start":{"line":5,"column":24},"end":{"line":5,"column":32}},"4":{"start":{"line":7,"column":33},"end":{"line":7,"column":72}},"5":{"start":{"line":8,"column":8},"end":{"line":10,"column":11}},"6":{"start":{"line":12,"column":8},"end":{"line":12,"column":20}},"7":{"start":{"line":16,"column":13},"end":{"line":25,"column":1}},"8":{"start":{"line":17,"column":4},"end":{"line":24,"column":5}},"9":{"start":{"line":18,"column":33},"end":{"line":18,"column":63}},"10":{"start":{"line":19,"column":8},"end":{"line":21,"column":11}},"11":{"start":{"line":23,"column":8},"end":{"line":23,"column":20}},"12":{"start":{"line":27,"column":15},"end":{"line":38,"column":1}},"13":{"start":{"line":28,"column":4},"end":{"line":37,"column":5}},"14":{"start":{"line":29,"column":27},"end":{"line":29,"column":48}},"15":{"start":{"line":31,"column":8},"end":{"line":31,"column":51}},"16":{"start":{"line":32,"column":8},"end":{"line":34,"column":11}},"17":{"start":{"line":36,"column":8},"end":{"line":36,"column":20}},"18":{"start":{"line":40,"column":0},"end":{"line":44,"column":1}}},"fnMap":{"0":{"name":"(anonymous_0)","decl":{"start":{"line":3,"column":15},"end":{"line":3,"column":16}},"loc":{"start":{"line":3,"column":41},"end":{"line":14,"column":1}},"line":3},"1":{"name":"(anonymous_1)","decl":{"start":{"line":16,"column":13},"end":{"line":16,"column":14}},"loc":{"start":{"line":16,"column":39},"end":{"line":25,"column":1}},"line":16},"2":{"name":"(anonymous_2)","decl":{"start":{"line":27,"column":15},"end":{"line":27,"column":16}},"loc":{"start":{"line":27,"column":41},"end":{"line":38,"column":1}},"line":27}},"branchMap":{},"s":{"0":0,"1":0,"2":0,"3":0,"4":0,"5":0,"6":0,"7":0,"8":0,"9":0,"10":0,"11":0,"12":0,"13":0,"14":0,"15":0,"16":0,"17":0,"18":0},"f":{"0":0,"1":0,"2":0},"b":{}}
,"D:\\B\\CODE\\pzn\\uwupedia\\src\\handler\\health.handler.js": {"path":"D:\\B\\CODE\\pzn\\uwupedia\\src\\handler\\health.handler.js","statementMap":{"0":{"start":{"line":1,"column":22},"end":{"line":1,"column":58}},"1":{"start":{"line":3,"column":18},"end":{"line":11,"column":1}},"2":{"start":{"line":4,"column":4},"end":{"line":10,"column":5}},"3":{"start":{"line":5,"column":23},"end":{"line":5,"column":42}},"4":{"start":{"line":6,"column":8},"end":{"line":7,"column":25}},"5":{"start":{"line":9,"column":8},"end":{"line":9,"column":19}},"6":{"start":{"line":13,"column":0},"end":{"line":15,"column":2}}},"fnMap":{"0":{"name":"(anonymous_0)","decl":{"start":{"line":3,"column":18},"end":{"line":3,"column":19}},"loc":{"start":{"line":3,"column":38},"end":{"line":11,"column":1}},"line":3}},"branchMap":{},"s":{"0":0,"1":0,"2":0,"3":0,"4":0,"5":0,"6":0},"f":{"0":0},"b":{}}
,"D:\\B\\CODE\\pzn\\uwupedia\\src\\handler\\logistic.handler.js": {"path":"D:\\B\\CODE\\pzn\\uwupedia\\src\\handler\\logistic.handler.js","statementMap":{"0":{"start":{"line":1,"column":24},"end":{"line":1,"column":62}},"1":{"start":{"line":3,"column":15},"end":{"line":14,"column":1}},"2":{"start":{"line":4,"column":4},"end":{"line":13,"column":5}},"3":{"start":{"line":5,"column":24},"end":{"line":5,"column":32}},"4":{"start":{"line":7,"column":33},"end":{"line":7,"column":70}},"5":{"start":{"line":8,"column":8},"end":{"line":10,"column":11}},"6":{"start":{"line":12,"column":8},"end":{"line":12,"column":20}},"7":{"start":{"line":16,"column":13},"end":{"line":25,"column":1}},"8":{"start":{"line":17,"column":4},"end":{"line":24,"column":5}},"9":{"start":{"line":18,"column":33},"end":{"line":18,"column":61}},"10":{"start":{"line":19,"column":8},"end":{"line":21,"column":11}},"11":{"start":{"line":23,"column":8},"end":{"line":23,"column":20}},"12":{"start":{"line":27,"column":15},"end":{"line":38,"column":1}},"13":{"start":{"line":28,"column":4},"end":{"line":37,"column":5}},"14":{"start":{"line":29,"column":27},"end":{"line":29,"column":48}},"15":{"start":{"line":31,"column":8},"end":{"line":31,"column":49}},"16":{"start":{"line":32,"column":8},"end":{"line":34,"column":11}},"17":{"start":{"line":36,"column":8},"end":{"line":36,"column":20}},"18":{"start":{"line":40,"column":0},"end":{"line":44,"column":1}}},"fnMap":{"0":{"name":"(anonymous_0)","decl":{"start":{"line":3,"column":15},"end":{"line":3,"column":16}},"loc":{"start":{"line":3,"column":41},"end":{"line":14,"column":1}},"line":3},"1":{"name":"(anonymous_1)","decl":{"start":{"line":16,"column":13},"end":{"line":16,"column":14}},"loc":{"start":{"line":16,"column":39},"end":{"line":25,"column":1}},"line":16},"2":{"name":"(anonymous_2)","decl":{"start":{"line":27,"column":15},"end":{"line":27,"column":16}},"loc":{"start":{"line":27,"column":41},"end":{"line":38,"column":1}},"line":27}},"branchMap":{},"s":{"0":0,"1":0,"2":0,"3":0,"4":0,"5":0,"6":0,"7":0,"8":0,"9":0,"10":0,"11":0,"12":0,"13":0,"14":0,"15":0,"16":0,"17":0,"18":0},"f":{"0":0,"1":0,"2":0},"b":{}}
,"D:\\B\\CODE\\pzn\\uwupedia\\src\\handler\\order-detail.handler.js": {"path":"D:\\B\\CODE\\pzn\\uwupedia\\src\\handler\\order-detail.handler.js","statementMap":{"0":{"start":{"line":1,"column":27},"end":{"line":1,"column":69}},"1":{"start":{"line":3,"column":12},"end":{"line":15,"column":1}},"2":{"start":{"line":4,"column":4},"end":{"line":14,"column":5}},"3":{"start":{"line":5,"column":24},"end":{"line":5,"column":42}},"4":{"start":{"line":6,"column":23},"end":{"line":6,"column":34}},"5":{"start":{"line":8,"column":37},"end":{"line":8,"column":82}},"6":{"start":{"line":9,"column":8},"end":{"line":11,"column":11}},"7":{"start":{"line":13,"column":8},"end":{"line":13,"column":20}},"8":{"start":{"line":17,"column":13},"end":{"line":28,"column":1}},"9":{"start":{"line":18,"column":4},"end":{"line":27,"column":5}},"10":{"start":{"line":19,"column":23},"end":{"line":19,"column":34}},"11":{"start":{"line":21,"column":37},"end":{"line":21,"column":74}},"12":{"start":{"line":22,"column":8},"end":{"line":24,"column":11}},"13":{"start":{"line":26,"column":8},"end":{"line":26,"column":20}},"14":{"start":{"line":30,"column":20},"end":{"line":43,"column":1}},"15":{"start":{"line":31,"column":4},"end":{"line":42,"column":5}},"16":{"start":{"line":32,"column":23},"end":{"line":32,"column":34}},"17":{"start":{"line":33,"column":24},"end":{"line":33,"column":42}},"18":{"start":{"line":34,"column":30},"end":{"line":34,"column":54}},"19":{"start":{"line":36,"column":36},"end":{"line":36,"column":104}},"20":{"start":{"line":37,"column":8},"end":{"line":39,"column":11}},"21":{"start":{"line":41,"column":8},"end":{"line":41,"column":20}},"22":{"start":{"line":45,"column":26},"end":{"line":58,"column":1}},"23":{"start":{"line":46,"column":4},"end":{"line":57,"column":5}},"24":{"start":{"line":47,"column":24},"end":{"line":47,"column":32}},"25":{"start":{"line":48,"column":24},"end":{"line":48,"column":42}},"26":{"start":{"line":49,"column":30},"end":{"line":49,"column":54}},"27":{"start":{"line":51,"column":8},"end":{"line":51,"column":84}},"28":{"start":{"line":52,"column":8},"end":{"line":54,"column":11}},"29":{"start":{"line":56,"column":8},"end":{"line":56,"column":20}},"30":{"start":{"line":60,"column":34},"end":{"line":72,"column":1}},"31":{"start":{"line":61,"column":4},"end":{"line":71,"column":5}},"32":{"start":{"line":62,"column":24},"end":{"line":62,"column":42}},"33":{"start":{"line":63,"column":30},"end":{"line":63,"column":54}},"34":{"start":{"line":65,"column":8},"end":{"line":65,"column":83}},"35":{"start":{"line":66,"column":8},"end":{"line":68,"column":11}},"36":{"start":{"line":70,"column":8},"end":{"line":70,"column":20}},"37":{"start":{"line":75,"column":0},"end":{"line":81,"column":1}}},"fnMap":{"0":{"name":"(anonymous_0)","decl":{"start":{"line":3,"column":12},"end":{"line":3,"column":13}},"loc":{"start":{"line":3,"column":38},"end":{"line":15,"column":1}},"line":3},"1":{"name":"(anonymous_1)","decl":{"start":{"line":17,"column":13},"end":{"line":17,"column":14}},"loc":{"start":{"line":17,"column":39},"end":{"line":28,"column":1}},"line":17},"2":{"name":"(anonymous_2)","decl":{"start":{"line":30,"column":20},"end":{"line":30,"column":21}},"loc":{"start":{"line":30,"column":46},"end":{"line":43,"column":1}},"line":30},"3":{"name":"(anonymous_3)","decl":{"start":{"line":45,"column":26},"end":{"line":45,"column":27}},"loc":{"start":{"line":45,"column":52},"end":{"line":58,"column":1}},"line":45},"4":{"name":"(anonymous_4)","decl":{"start":{"line":60,"column":34},"end":{"line":60,"column":35}},"loc":{"start":{"line":60,"column":60},"end":{"line":72,"column":1}},"line":60}},"branchMap":{},"s":{"0":0,"1":0,"2":0,"3":0,"4":0,"5":0,"6":0,"7":0,"8":0,"9":0,"10":0,"11":0,"12":0,"13":0,"14":0,"15":0,"16":0,"17":0,"18":0,"19":0,"20":0,"21":0,"22":0,"23":0,"24":0,"25":0,"26":0,"27":0,"28":0,"29":0,"30":0,"31":0,"32":0,"33":0,"34":0,"35":0,"36":0,"37":0},"f":{"0":0,"1":0,"2":0,"3":0,"4":0},"b":{}}
,"D:\\B\\CODE\\pzn\\uwupedia\\src\\handler\\order.handler.js": {"path":"D:\\B\\CODE\\pzn\\uwupedia\\src\\handler\\order.handler.js","statementMap":{"0":{"start":{"line":1,"column":21},"end":{"line":1,"column":56}},"1":{"start":{"line":3,"column":15},"end":{"line":15,"column":1}},"2":{"start":{"line":4,"column":4},"end":{"line":14,"column":5}},"3":{"start":{"line":5,"column":24},"end":{"line":5,"column":32}},"4":{"start":{"line":6,"column":21},"end":{"line":6,"column":29}},"5":{"start":{"line":8,"column":30},"end":{"line":8,"column":70}},"6":{"start":{"line":9,"column":8},"end":{"line":11,"column":11}},"7":{"start":{"line":13,"column":8},"end":{"line":13,"column":20}},"8":{"start":{"line":17,"column":28},"end":{"line":29,"column":1}},"9":{"start":{"line":18,"column":4},"end":{"line":28,"column":5}},"10":{"start":{"line":19,"column":28},"end":{"line":19,"column":50}},"11":{"start":{"line":20,"column":24},"end":{"line":20,"column":42}},"12":{"start":{"line":22,"column":8},"end":{"line":22,"column":69}},"13":{"start":{"line":23,"column":8},"end":{"line":25,"column":11}},"14":{"start":{"line":27,"column":8},"end":{"line":27,"column":20}},"15":{"start":{"line":31,"column":13},"end":{"line":42,"column":1}},"16":{"start":{"line":32,"column":4},"end":{"line":41,"column":5}},"17":{"start":{"line":33,"column":23},"end":{"line":33,"column":34}},"18":{"start":{"line":35,"column":30},"end":{"line":35,"column":61}},"19":{"start":{"line":36,"column":8},"end":{"line":38,"column":11}},"20":{"start":{"line":40,"column":8},"end":{"line":40,"column":20}},"21":{"start":{"line":44,"column":0},"end":{"line":48,"column":1}}},"fnMap":{"0":{"name":"(anonymous_0)","decl":{"start":{"line":3,"column":15},"end":{"line":3,"column":16}},"loc":{"start":{"line":3,"column":41},"end":{"line":15,"column":1}},"line":3},"1":{"name":"(anonymous_1)","decl":{"start":{"line":17,"column":28},"end":{"line":17,"column":29}},"loc":{"start":{"line":17,"column":54},"end":{"line":29,"column":1}},"line":17},"2":{"name":"(anonymous_2)","decl":{"start":{"line":31,"column":13},"end":{"line":31,"column":14}},"loc":{"start":{"line":31,"column":39},"end":{"line":42,"column":1}},"line":31}},"branchMap":{},"s":{"0":0,"1":0,"2":0,"3":0,"4":0,"5":0,"6":0,"7":0,"8":0,"9":0,"10":0,"11":0,"12":0,"13":0,"14":0,"15":0,"16":0,"17":0,"18":0,"19":0,"20":0,"21":0},"f":{"0":0,"1":0,"2":0},"b":{}}
,"D:\\B\\CODE\\pzn\\uwupedia\\src\\handler\\payment-method.handler.js": {"path":"D:\\B\\CODE\\pzn\\uwupedia\\src\\handler\\payment-method.handler.js","statementMap":{"0":{"start":{"line":1,"column":29},"end":{"line":1,"column":73}},"1":{"start":{"line":3,"column":15},"end":{"line":14,"column":1}},"2":{"start":{"line":4,"column":4},"end":{"line":13,"column":5}},"3":{"start":{"line":5,"column":24},"end":{"line":5,"column":32}},"4":{"start":{"line":7,"column":38},"end":{"line":7,"column":80}},"5":{"start":{"line":8,"column":8},"end":{"line":10,"column":11}},"6":{"start":{"line":12,"column":8},"end":{"line":12,"column":20}},"7":{"start":{"line":16,"column":13},"end":{"line":25,"column":1}},"8":{"start":{"line":17,"column":4},"end":{"line":24,"column":5}},"9":{"start":{"line":18,"column":38},"end":{"line":18,"column":71}},"10":{"start":{"line":19,"column":8},"end":{"line":21,"column":11}},"11":{"start":{"line":23,"column":8},"end":{"line":23,"column":20}},"12":{"start":{"line":27,"column":15},"end":{"line":38,"column":1}},"13":{"start":{"line":28,"column":4},"end":{"line":37,"column":5}},"14":{"start":{"line":29,"column":32},"end":{"line":29,"column":58}},"15":{"start":{"line":31,"column":8},"end":{"line":31,"column":59}},"16":{"start":{"line":32,"column":8},"end":{"line":34,"column":11}},"17":{"start":{"line":36,"column":8},"end":{"line":36,"column":20}},"18":{"start":{"line":40,"column":0},"end":{"line":44,"column":1}}},"fnMap":{"0":{"name":"(anonymous_0)","decl":{"start":{"line":3,"column":15},"end":{"line":3,"column":16}},"loc":{"start":{"line":3,"column":41},"end":{"line":14,"column":1}},"line":3},"1":{"name":"(anonymous_1)","decl":{"start":{"line":16,"column":13},"end":{"line":16,"column":14}},"loc":{"start":{"line":16,"column":39},"end":{"line":25,"column":1}},"line":16},"2":{"name":"(anonymous_2)","decl":{"start":{"line":27,"column":15},"end":{"line":27,"column":16}},"loc":{"start":{"line":27,"column":41},"end":{"line":38,"column":1}},"line":27}},"branchMap":{},"s":{"0":0,"1":0,"2":0,"3":0,"4":0,"5":0,"6":0,"7":0,"8":0,"9":0,"10":0,"11":0,"12":0,"13":0,"14":0,"15":0,"16":0,"17":0,"18":0},"f":{"0":0,"1":0,"2":0},"b":{}}
,"D:\\B\\CODE\\pzn\\uwupedia\\src\\handler\\product.handler.js": {"path":"D:\\B\\CODE\\pzn\\uwupedia\\src\\handler\\product.handler.js","statementMap":{"0":{"start":{"line":1,"column":23},"end":{"line":1,"column":60}},"1":{"start":{"line":3,"column":15},"end":{"line":16,"column":1}},"2":{"start":{"line":4,"column":4},"end":{"line":15,"column":5}},"3":{"start":{"line":5,"column":24},"end":{"line":5,"column":32}},"4":{"start":{"line":6,"column":27},"end":{"line":6,"column":48}},"5":{"start":{"line":7,"column":30},"end":{"line":7,"column":54}},"6":{"start":{"line":9,"column":32},"end":{"line":9,"column":95}},"7":{"start":{"line":10,"column":8},"end":{"line":12,"column":11}},"8":{"start":{"line":14,"column":8},"end":{"line":14,"column":20}},"9":{"start":{"line":18,"column":12},"end":{"line":29,"column":1}},"10":{"start":{"line":19,"column":4},"end":{"line":28,"column":5}},"11":{"start":{"line":20,"column":26},"end":{"line":20,"column":46}},"12":{"start":{"line":22,"column":32},"end":{"line":22,"column":67}},"13":{"start":{"line":23,"column":8},"end":{"line":25,"column":11}},"14":{"start":{"line":27,"column":8},"end":{"line":27,"column":20}},"15":{"start":{"line":31,"column":15},"end":{"line":48,"column":1}},"16":{"start":{"line":32,"column":4},"end":{"line":47,"column":5}},"17":{"start":{"line":33,"column":24},"end":{"line":39,"column":9}},"18":{"start":{"line":41,"column":32},"end":{"line":41,"column":68}},"19":{"start":{"line":42,"column":8},"end":{"line":44,"column":11}},"20":{"start":{"line":46,"column":8},"end":{"line":46,"column":20}},"21":{"start":{"line":50,"column":15},"end":{"line":62,"column":1}},"22":{"start":{"line":51,"column":4},"end":{"line":61,"column":5}},"23":{"start":{"line":52,"column":24},"end":{"line":52,"column":32}},"24":{"start":{"line":53,"column":26},"end":{"line":53,"column":46}},"25":{"start":{"line":55,"column":8},"end":{"line":55,"column":56}},"26":{"start":{"line":56,"column":8},"end":{"line":58,"column":11}},"27":{"start":{"line":60,"column":8},"end":{"line":60,"column":20}},"28":{"start":{"line":64,"column":15},"end":{"line":75,"column":1}},"29":{"start":{"line":65,"column":4},"end":{"line":74,"column":5}},"30":{"start":{"line":66,"column":26},"end":{"line":66,"column":46}},"31":{"start":{"line":68,"column":8},"end":{"line":68,"column":47}},"32":{"start":{"line":69,"column":8},"end":{"line":71,"column":11}},"33":{"start":{"line":73,"column":8},"end":{"line":73,"column":20}},"34":{"start":{"line":77,"column":0},"end":{"line":83,"column":1}}},"fnMap":{"0":{"name":"(anonymous_0)","decl":{"start":{"line":3,"column":15},"end":{"line":3,"column":16}},"loc":{"start":{"line":3,"column":41},"end":{"line":16,"column":1}},"line":3},"1":{"name":"(anonymous_1)","decl":{"start":{"line":18,"column":12},"end":{"line":18,"column":13}},"loc":{"start":{"line":18,"column":38},"end":{"line":29,"column":1}},"line":18},"2":{"name":"(anonymous_2)","decl":{"start":{"line":31,"column":15},"end":{"line":31,"column":16}},"loc":{"start":{"line":31,"column":41},"end":{"line":48,"column":1}},"line":31},"3":{"name":"(anonymous_3)","decl":{"start":{"line":50,"column":15},"end":{"line":50,"column":16}},"loc":{"start":{"line":50,"column":41},"end":{"line":62,"column":1}},"line":50},"4":{"name":"(anonymous_4)","decl":{"start":{"line":64,"column":15},"end":{"line":64,"column":16}},"loc":{"start":{"line":64,"column":41},"end":{"line":75,"column":1}},"line":64}},"branchMap":{"0":{"loc":{"start":{"line":37,"column":18},"end":{"line":37,"column":37}},"type":"binary-expr","locations":[{"start":{"line":37,"column":18},"end":{"line":37,"column":32}},{"start":{"line":37,"column":36},"end":{"line":37,"column":37}}],"line":37},"1":{"loc":{"start":{"line":38,"column":18},"end":{"line":38,"column":38}},"type":"binary-expr","locations":[{"start":{"line":38,"column":18},"end":{"line":38,"column":32}},{"start":{"line":38,"column":36},"end":{"line":38,"column":38}}],"line":38}},"s":{"0":0,"1":0,"2":0,"3":0,"4":0,"5":0,"6":0,"7":0,"8":0,"9":0,"10":0,"11":0,"12":0,"13":0,"14":0,"15":0,"16":0,"17":0,"18":0,"19":0,"20":0,"21":0,"22":0,"23":0,"24":0,"25":0,"26":0,"27":0,"28":0,"29":0,"30":0,"31":0,"32":0,"33":0,"34":0},"f":{"0":0,"1":0,"2":0,"3":0,"4":0},"b":{"0":[0,0],"1":[0,0]}}
,"D:\\B\\CODE\\pzn\\uwupedia\\src\\handler\\sub-category.handler.js": {"path":"D:\\B\\CODE\\pzn\\uwupedia\\src\\handler\\sub-category.handler.js","statementMap":{"0":{"start":{"line":1,"column":29},"end":{"line":1,"column":71}},"1":{"start":{"line":3,"column":15},"end":{"line":15,"column":1}},"2":{"start":{"line":4,"column":4},"end":{"line":14,"column":5}},"3":{"start":{"line":5,"column":24},"end":{"line":5,"column":32}},"4":{"start":{"line":6,"column":27},"end":{"line":6,"column":48}},"5":{"start":{"line":8,"column":36},"end":{"line":8,"column":90}},"6":{"start":{"line":9,"column":8},"end":{"line":11,"column":11}},"7":{"start":{"line":13,"column":8},"end":{"line":13,"column":20}},"8":{"start":{"line":17,"column":13},"end":{"line":28,"column":1}},"9":{"start":{"line":18,"column":4},"end":{"line":27,"column":5}},"10":{"start":{"line":19,"column":27},"end":{"line":19,"column":48}},"11":{"start":{"line":21,"column":36},"end":{"line":21,"column":79}},"12":{"start":{"line":22,"column":8},"end":{"line":24,"column":11}},"13":{"start":{"line":26,"column":8},"end":{"line":26,"column":20}},"14":{"start":{"line":30,"column":15},"end":{"line":42,"column":1}},"15":{"start":{"line":31,"column":4},"end":{"line":41,"column":5}},"16":{"start":{"line":32,"column":27},"end":{"line":32,"column":48}},"17":{"start":{"line":33,"column":30},"end":{"line":33,"column":54}},"18":{"start":{"line":35,"column":8},"end":{"line":35,"column":69}},"19":{"start":{"line":36,"column":8},"end":{"line":38,"column":11}},"20":{"start":{"line":40,"column":8},"end":{"line":40,"column":20}},"21":{"start":{"line":44,"column":0},"end":{"line":48,"column":1}}},"fnMap":{"0":{"name":"(anonymous_0)","decl":{"start":{"line":3,"column":15},"end":{"line":3,"column":16}},"loc":{"start":{"line":3,"column":41},"end":{"line":15,"column":1}},"line":3},"1":{"name":"(anonymous_1)","decl":{"start":{"line":17,"column":13},"end":{"line":17,"column":14}},"loc":{"start":{"line":17,"column":39},"end":{"line":28,"column":1}},"line":17},"2":{"name":"(anonymous_2)","decl":{"start":{"line":30,"column":15},"end":{"line":30,"column":16}},"loc":{"start":{"line":30,"column":41},"end":{"line":42,"column":1}},"line":30}},"branchMap":{},"s":{"0":0,"1":0,"2":0,"3":0,"4":0,"5":0,"6":0,"7":0,"8":0,"9":0,"10":0,"11":0,"12":0,"13":0,"14":0,"15":0,"16":0,"17":0,"18":0,"19":0,"20":0,"21":0},"f":{"0":0,"1":0,"2":0},"b":{}}
,"D:\\B\\CODE\\pzn\\uwupedia\\src\\handler\\user.handler.js": {"path":"D:\\B\\CODE\\pzn\\uwupedia\\src\\handler\\user.handler.js","statementMap":{"0":{"start":{"line":1,"column":20},"end":{"line":1,"column":54}},"1":{"start":{"line":3,"column":17},"end":{"line":14,"column":1}},"2":{"start":{"line":4,"column":4},"end":{"line":13,"column":5}},"3":{"start":{"line":5,"column":24},"end":{"line":5,"column":32}},"4":{"start":{"line":7,"column":29},"end":{"line":7,"column":64}},"5":{"start":{"line":8,"column":8},"end":{"line":10,"column":11}},"6":{"start":{"line":12,"column":8},"end":{"line":12,"column":20}},"7":{"start":{"line":16,"column":22},"end":{"line":28,"column":1}},"8":{"start":{"line":17,"column":4},"end":{"line":27,"column":5}},"9":{"start":{"line":18,"column":23},"end":{"line":18,"column":40}},"10":{"start":{"line":19,"column":24},"end":{"line":19,"column":32}},"11":{"start":{"line":21,"column":8},"end":{"line":21,"column":57}},"12":{"start":{"line":22,"column":8},"end":{"line":24,"column":11}},"13":{"start":{"line":26,"column":8},"end":{"line":26,"column":20}},"14":{"start":{"line":30,"column":23},"end":{"line":41,"column":1}},"15":{"start":{"line":31,"column":4},"end":{"line":40,"column":5}},"16":{"start":{"line":32,"column":23},"end":{"line":32,"column":40}},"17":{"start":{"line":34,"column":8},"end":{"line":34,"column":49}},"18":{"start":{"line":35,"column":8},"end":{"line":37,"column":11}},"19":{"start":{"line":39,"column":8},"end":{"line":39,"column":20}},"20":{"start":{"line":44,"column":14},"end":{"line":57,"column":1}},"21":{"start":{"line":45,"column":4},"end":{"line":56,"column":5}},"22":{"start":{"line":46,"column":24},"end":{"line":46,"column":32}},"23":{"start":{"line":48,"column":29},"end":{"line":48,"column":61}},"24":{"start":{"line":49,"column":8},"end":{"line":53,"column":11}},"25":{"start":{"line":55,"column":8},"end":{"line":55,"column":20}},"26":{"start":{"line":59,"column":15},"end":{"line":70,"column":1}},"27":{"start":{"line":60,"column":4},"end":{"line":69,"column":5}},"28":{"start":{"line":61,"column":23},"end":{"line":61,"column":40}},"29":{"start":{"line":63,"column":8},"end":{"line":63,"column":41}},"30":{"start":{"line":64,"column":8},"end":{"line":66,"column":11}},"31":{"start":{"line":68,"column":8},"end":{"line":68,"column":20}},"32":{"start":{"line":72,"column":12},"end":{"line":83,"column":1}},"33":{"start":{"line":73,"column":4},"end":{"line":82,"column":5}},"34":{"start":{"line":74,"column":23},"end":{"line":74,"column":34}},"35":{"start":{"line":76,"column":29},"end":{"line":76,"column":58}},"36":{"start":{"line":77,"column":8},"end":{"line":79,"column":11}},"37":{"start":{"line":81,"column":8},"end":{"line":81,"column":20}},"38":{"start":{"line":85,"column":0},"end":{"line":92,"column":1}}},"fnMap":{"0":{"name":"(anonymous_0)","decl":{"start":{"line":3,"column":17},"end":{"line":3,"column":18}},"loc":{"start":{"line":3,"column":43},"end":{"line":14,"column":1}},"line":3},"1":{"name":"(anonymous_1)","decl":{"start":{"line":16,"column":22},"end":{"line":16,"column":23}},"loc":{"start":{"line":16,"column":48},"end":{"line":28,"column":1}},"line":16},"2":{"name":"(anonymous_2)","decl":{"start":{"line":30,"column":23},"end":{"line":30,"column":24}},"loc":{"start":{"line":30,"column":49},"end":{"line":41,"column":1}},"line":30},"3":{"name":"(anonymous_3)","decl":{"start":{"line":44,"column":14},"end":{"line":44,"column":15}},"loc":{"start":{"line":44,"column":40},"end":{"line":57,"column":1}},"line":44},"4":{"name":"(anonymous_4)","decl":{"start":{"line":59,"column":15},"end":{"line":59,"column":16}},"loc":{"start":{"line":59,"column":41},"end":{"line":70,"column":1}},"line":59},"5":{"name":"(anonymous_5)","decl":{"start":{"line":72,"column":12},"end":{"line":72,"column":13}},"loc":{"start":{"line":72,"column":38},"end":{"line":83,"column":1}},"line":72}},"branchMap":{},"s":{"0":0,"1":0,"2":0,"3":0,"4":0,"5":0,"6":0,"7":0,"8":0,"9":0,"10":0,"11":0,"12":0,"13":0,"14":0,"15":0,"16":0,"17":0,"18":0,"19":0,"20":0,"21":0,"22":0,"23":0,"24":0,"25":0,"26":0,"27":0,"28":0,"29":0,"30":0,"31":0,"32":0,"33":0,"34":0,"35":0,"36":0,"37":0,"38":0},"f":{"0":0,"1":0,"2":0,"3":0,"4":0,"5":0},"b":{}}
,"D:\\B\\CODE\\pzn\\uwupedia\\src\\helper\\capitalize.helper.js": {"path":"D:\\B\\CODE\\pzn\\uwupedia\\src\\helper\\capitalize.helper.js","statementMap":{"0":{"start":{"line":1,"column":32},"end":{"line":5,"column":1}},"1":{"start":{"line":2,"column":18},"end":{"line":2,"column":33}},"2":{"start":{"line":3,"column":4},"end":{"line":4,"column":18}},"3":{"start":{"line":3,"column":29},"end":{"line":3,"column":92}},"4":{"start":{"line":7,"column":0},"end":{"line":9,"column":1}}},"fnMap":{"0":{"name":"(anonymous_0)","decl":{"start":{"line":1,"column":32},"end":{"line":1,"column":33}},"loc":{"start":{"line":1,"column":42},"end":{"line":5,"column":1}},"line":1},"1":{"name":"(anonymous_1)","decl":{"start":{"line":3,"column":21},"end":{"line":3,"column":22}},"loc":{"start":{"line":3,"column":29},"end":{"line":3,"column":92}},"line":3}},"branchMap":{},"s":{"0":0,"1":0,"2":0,"3":0,"4":0},"f":{"0":0,"1":0},"b":{}}
,"D:\\B\\CODE\\pzn\\uwupedia\\src\\helper\\generate-otp.js": {"path":"D:\\B\\CODE\\pzn\\uwupedia\\src\\helper\\generate-otp.js","statementMap":{"0":{"start":{"line":1,"column":23},"end":{"line":1,"column":63}},"1":{"start":{"line":3,"column":20},"end":{"line":16,"column":1}},"2":{"start":{"line":4,"column":19},"end":{"line":4,"column":24}},"3":{"start":{"line":5,"column":18},"end":{"line":5,"column":72}},"4":{"start":{"line":7,"column":4},"end":{"line":13,"column":5}},"5":{"start":{"line":8,"column":35},"end":{"line":8,"column":94}},"6":{"start":{"line":9,"column":8},"end":{"line":11,"column":9}},"7":{"start":{"line":10,"column":12},"end":{"line":10,"column":28}},"8":{"start":{"line":12,"column":8},"end":{"line":12,"column":73}},"9":{"start":{"line":15,"column":4},"end":{"line":15,"column":19}},"10":{"start":{"line":18,"column":0},"end":{"line":20,"column":1}}},"fnMap":{"0":{"name":"(anonymous_0)","decl":{"start":{"line":3,"column":20},"end":{"line":3,"column":21}},"loc":{"start":{"line":3,"column":32},"end":{"line":16,"column":1}},"line":3}},"branchMap":{"0":{"loc":{"start":{"line":9,"column":8},"end":{"line":11,"column":9}},"type":"if","locations":[{"start":{"line":9,"column":8},"end":{"line":11,"column":9}},{"start":{},"end":{}}],"line":9}},"s":{"0":1,"1":1,"2":0,"3":0,"4":0,"5":0,"6":0,"7":0,"8":0,"9":0,"10":1},"f":{"0":0},"b":{"0":[0,0]},"_coverageSchema":"1a1c01bbd47fc00a2c39e90264f33305004495a9","hash":"ba26535f4b2c4c3a2b02f3283d2b85175ba98a92"}
,"D:\\B\\CODE\\pzn\\uwupedia\\src\\helper\\i18n-currency.helper.js": {"path":"D:\\B\\CODE\\pzn\\uwupedia\\src\\helper\\i18n-currency.helper.js","statementMap":{"0":{"start":{"line":1,"column":24},"end":{"line":1,"column":58}},"1":{"start":{"line":2,"column":23},"end":{"line":12,"column":1}},"2":{"start":{"line":3,"column":4},"end":{"line":11,"column":5}},"3":{"start":{"line":4,"column":8},"end":{"line":8,"column":25}},"4":{"start":{"line":10,"column":8},"end":{"line":10,"column":52}},"5":{"start":{"line":14,"column":0},"end":{"line":16,"column":1}}},"fnMap":{"0":{"name":"(anonymous_0)","decl":{"start":{"line":2,"column":23},"end":{"line":2,"column":24}},"loc":{"start":{"line":2,"column":94},"end":{"line":12,"column":1}},"line":2}},"branchMap":{"0":{"loc":{"start":{"line":2,"column":31},"end":{"line":2,"column":47}},"type":"default-arg","locations":[{"start":{"line":2,"column":40},"end":{"line":2,"column":47}}],"line":2},"1":{"loc":{"start":{"line":2,"column":49},"end":{"line":2,"column":65}},"type":"default-arg","locations":[{"start":{"line":2,"column":60},"end":{"line":2,"column":65}}],"line":2},"2":{"loc":{"start":{"line":2,"column":67},"end":{"line":2,"column":89}},"type":"default-arg","locations":[{"start":{"line":2,"column":81},"end":{"line":2,"column":89}}],"line":2}},"s":{"0":0,"1":0,"2":0,"3":0,"4":0,"5":0},"f":{"0":0},"b":{"0":[0],"1":[0],"2":[0]}}
,"D:\\B\\CODE\\pzn\\uwupedia\\src\\helper\\logger.helper.js": {"path":"D:\\B\\CODE\\pzn\\uwupedia\\src\\helper\\logger.helper.js","statementMap":{"0":{"start":{"line":1,"column":13},"end":{"line":1,"column":28}},"1":{"start":{"line":2,"column":11},"end":{"line":2,"column":24}},"2":{"start":{"line":4,"column":0},"end":{"line":4,"column":37}},"3":{"start":{"line":5,"column":45},"end":{"line":5,"column":63}},"4":{"start":{"line":6,"column":49},"end":{"line":6,"column":55}},"5":{"start":{"line":8,"column":21},"end":{"line":8,"column":58}},"6":{"start":{"line":9,"column":0},"end":{"line":11,"column":1}},"7":{"start":{"line":10,"column":4},"end":{"line":10,"column":52}},"8":{"start":{"line":13,"column":20},"end":{"line":13,"column":72}},"9":{"start":{"line":15,"column":18},"end":{"line":17,"column":2}},"10":{"start":{"line":16,"column":4},"end":{"line":16,"column":85}},"11":{"start":{"line":19,"column":15},"end":{"line":37,"column":2}},"12":{"start":{"line":39,"column":0},"end":{"line":41,"column":2}}},"fnMap":{"0":{"name":"(anonymous_0)","decl":{"start":{"line":15,"column":25},"end":{"line":15,"column":26}},"loc":{"start":{"line":15,"column":66},"end":{"line":17,"column":1}},"line":15}},"branchMap":{"0":{"loc":{"start":{"line":9,"column":0},"end":{"line":11,"column":1}},"type":"if","locations":[{"start":{"line":9,"column":0},"end":{"line":11,"column":1}},{"start":{},"end":{}}],"line":9},"1":{"loc":{"start":{"line":16,"column":50},"end":{"line":16,"column":82}},"type":"cond-expr","locations":[{"start":{"line":16,"column":57},"end":{"line":16,"column":77}},{"start":{"line":16,"column":80},"end":{"line":16,"column":82}}],"line":16}},"s":{"0":0,"1":0,"2":0,"3":0,"4":0,"5":0,"6":0,"7":0,"8":0,"9":0,"10":0,"11":0,"12":0},"f":{"0":0},"b":{"0":[0,0],"1":[0,0]}}
,"D:\\B\\CODE\\pzn\\uwupedia\\src\\helper\\order-status.helper.js": {"path":"D:\\B\\CODE\\pzn\\uwupedia\\src\\helper\\order-status.helper.js","statementMap":{"0":{"start":{"line":1,"column":0},"end":{"line":10,"column":1}}},"fnMap":{},"branchMap":{},"s":{"0":0},"f":{},"b":{}}
,"D:\\B\\CODE\\pzn\\uwupedia\\src\\helper\\order.helper.js": {"path":"D:\\B\\CODE\\pzn\\uwupedia\\src\\helper\\order.helper.js","statementMap":{"0":{"start":{"line":1,"column":24},"end":{"line":7,"column":1}},"1":{"start":{"line":2,"column":25},"end":{"line":2,"column":63}},"2":{"start":{"line":3,"column":23},"end":{"line":3,"column":106}},"3":{"start":{"line":4,"column":17},"end":{"line":4,"column":46}},"4":{"start":{"line":6,"column":4},"end":{"line":6,"column":51}},"5":{"start":{"line":10,"column":28},"end":{"line":15,"column":1}},"6":{"start":{"line":11,"column":23},"end":{"line":11,"column":155}},"7":{"start":{"line":12,"column":17},"end":{"line":12,"column":114}},"8":{"start":{"line":14,"column":4},"end":{"line":14,"column":98}},"9":{"start":{"line":17,"column":0},"end":{"line":20,"column":1}}},"fnMap":{"0":{"name":"(anonymous_0)","decl":{"start":{"line":1,"column":24},"end":{"line":1,"column":25}},"loc":{"start":{"line":1,"column":49},"end":{"line":7,"column":1}},"line":1},"1":{"name":"(anonymous_1)","decl":{"start":{"line":10,"column":28},"end":{"line":10,"column":29}},"loc":{"start":{"line":10,"column":43},"end":{"line":15,"column":1}},"line":10}},"branchMap":{},"s":{"0":0,"1":0,"2":0,"3":0,"4":0,"5":0,"6":0,"7":0,"8":0,"9":0},"f":{"0":0,"1":0},"b":{}}
,"D:\\B\\CODE\\pzn\\uwupedia\\src\\helper\\render-html.helper.js": {"path":"D:\\B\\CODE\\pzn\\uwupedia\\src\\helper\\render-html.helper.js","statementMap":{"0":{"start":{"line":1,"column":12},"end":{"line":1,"column":26}},"1":{"start":{"line":2,"column":13},"end":{"line":2,"column":28}},"2":{"start":{"line":3,"column":24},"end":{"line":3,"column":58}},"3":{"start":{"line":5,"column":19},"end":{"line":15,"column":1}},"4":{"start":{"line":6,"column":4},"end":{"line":14,"column":6}},"5":{"start":{"line":7,"column":8},"end":{"line":13,"column":10}},"6":{"start":{"line":8,"column":12},"end":{"line":12,"column":13}},"7":{"start":{"line":9,"column":16},"end":{"line":9,"column":30}},"8":{"start":{"line":11,"column":16},"end":{"line":11,"column":29}},"9":{"start":{"line":17,"column":0},"end":{"line":19,"column":1}}},"fnMap":{"0":{"name":"(anonymous_0)","decl":{"start":{"line":5,"column":19},"end":{"line":5,"column":20}},"loc":{"start":{"line":5,"column":39},"end":{"line":15,"column":1}},"line":5},"1":{"name":"(anonymous_1)","decl":{"start":{"line":6,"column":23},"end":{"line":6,"column":24}},"loc":{"start":{"line":6,"column":44},"end":{"line":14,"column":5}},"line":6},"2":{"name":"(anonymous_2)","decl":{"start":{"line":7,"column":81},"end":{"line":7,"column":82}},"loc":{"start":{"line":7,"column":97},"end":{"line":13,"column":9}},"line":7}},"branchMap":{"0":{"loc":{"start":{"line":8,"column":12},"end":{"line":12,"column":13}},"type":"if","locations":[{"start":{"line":8,"column":12},"end":{"line":12,"column":13}},{"start":{"line":10,"column":19},"end":{"line":12,"column":13}}],"line":8}},"s":{"0":1,"1":1,"2":1,"3":1,"4":0,"5":0,"6":0,"7":0,"8":0,"9":1},"f":{"0":0,"1":0,"2":0},"b":{"0":[0,0]},"_coverageSchema":"1a1c01bbd47fc00a2c39e90264f33305004495a9","hash":"33ad6836023a1a40ff79fd6e5d6e7d8ac2d673e0"}
,"D:\\B\\CODE\\pzn\\uwupedia\\src\\helper\\role.helper.js": {"path":"D:\\B\\CODE\\pzn\\uwupedia\\src\\helper\\role.helper.js","statementMap":{"0":{"start":{"line":1,"column":0},"end":{"line":4,"column":1}}},"fnMap":{},"branchMap":{},"s":{"0":1},"f":{},"b":{},"_coverageSchema":"1a1c01bbd47fc00a2c39e90264f33305004495a9","hash":"cd60de3d0d761bdf2adc4d3fdc0bb666c85cd0fb"}
,"D:\\B\\CODE\\pzn\\uwupedia\\src\\helper\\send-email.helper.js": {"path":"D:\\B\\CODE\\pzn\\uwupedia\\src\\helper\\send-email.helper.js","statementMap":{"0":{"start":{"line":1,"column":19},"end":{"line":1,"column":40}},"1":{"start":{"line":2,"column":13},"end":{"line":2,"column":28}},"2":{"start":{"line":4,"column":0},"end":{"line":4,"column":74}},"3":{"start":{"line":6,"column":42},"end":{"line":6,"column":53}},"4":{"start":{"line":8,"column":18},"end":{"line":23,"column":1}},"5":{"start":{"line":9,"column":24},"end":{"line":15,"column":6}},"6":{"start":{"line":17,"column":4},"end":{"line":21,"column":7}},"7":{"start":{"line":25,"column":0},"end":{"line":27,"column":1}}},"fnMap":{"0":{"name":"(anonymous_0)","decl":{"start":{"line":8,"column":18},"end":{"line":8,"column":19}},"loc":{"start":{"line":8,"column":47},"end":{"line":23,"column":1}},"line":8}},"branchMap":{},"s":{"0":1,"1":1,"2":1,"3":1,"4":1,"5":0,"6":0,"7":1},"f":{"0":0},"b":{},"_coverageSchema":"1a1c01bbd47fc00a2c39e90264f33305004495a9","hash":"eb5eb39c7ef3ede56ba47a0fbbeacdcb89cb6f9c"}
,"D:\\B\\CODE\\pzn\\uwupedia\\src\\helper\\swagger.js": {"path":"D:\\B\\CODE\\pzn\\uwupedia\\src\\helper\\swagger.js","statementMap":{"0":{"start":{"line":1,"column":21},"end":{"line":1,"column":45}},"1":{"start":{"line":2,"column":18},"end":{"line":2,"column":47}},"2":{"start":{"line":4,"column":13},"end":{"line":4,"column":28}},"3":{"start":{"line":6,"column":16},"end":{"line":22,"column":1}},"4":{"start":{"line":24,"column":21},"end":{"line":26,"column":1}},"5":{"start":{"line":25,"column":4},"end":{"line":25,"column":82}},"6":{"start":{"line":28,"column":0},"end":{"line":30,"column":1}}},"fnMap":{"0":{"name":"(anonymous_0)","decl":{"start":{"line":24,"column":21},"end":{"line":24,"column":22}},"loc":{"start":{"line":24,"column":30},"end":{"line":26,"column":1}},"line":24}},"branchMap":{},"s":{"0":0,"1":0,"2":0,"3":0,"4":0,"5":0,"6":0},"f":{"0":0},"b":{}}
,"D:\\B\\CODE\\pzn\\uwupedia\\src\\helper\\validation.helper.js": {"path":"D:\\B\\CODE\\pzn\\uwupedia\\src\\helper\\validation.helper.js","statementMap":{"0":{"start":{"line":1,"column":24},"end":{"line":1,"column":58}},"1":{"start":{"line":2,"column":0},"end":{"line":2,"column":15}},"2":{"start":{"line":4,"column":17},"end":{"line":15,"column":1}},"3":{"start":{"line":5,"column":19},"end":{"line":8,"column":6}},"4":{"start":{"line":10,"column":4},"end":{"line":14,"column":5}},"5":{"start":{"line":11,"column":8},"end":{"line":11,"column":58}},"6":{"start":{"line":13,"column":8},"end":{"line":13,"column":28}},"7":{"start":{"line":17,"column":0},"end":{"line":19,"column":1}}},"fnMap":{"0":{"name":"(anonymous_0)","decl":{"start":{"line":4,"column":17},"end":{"line":4,"column":18}},"loc":{"start":{"line":4,"column":38},"end":{"line":15,"column":1}},"line":4}},"branchMap":{"0":{"loc":{"start":{"line":10,"column":4},"end":{"line":14,"column":5}},"type":"if","locations":[{"start":{"line":10,"column":4},"end":{"line":14,"column":5}},{"start":{"line":12,"column":11},"end":{"line":14,"column":5}}],"line":10}},"s":{"0":1,"1":1,"2":1,"3":1,"4":1,"5":0,"6":1,"7":1},"f":{"0":1},"b":{"0":[0,1]},"_coverageSchema":"1a1c01bbd47fc00a2c39e90264f33305004495a9","hash":"cc8dac04b20bc7aae0f6bdcce985ef970d525077"}
,"D:\\B\\CODE\\pzn\\uwupedia\\src\\middleware\\auth.middleware.js": {"path":"D:\\B\\CODE\\pzn\\uwupedia\\src\\middleware\\auth.middleware.js","statementMap":{"0":{"start":{"line":1,"column":24},"end":{"line":1,"column":58}},"1":{"start":{"line":2,"column":15},"end":{"line":2,"column":34}},"2":{"start":{"line":3,"column":12},"end":{"line":3,"column":35}},"3":{"start":{"line":4,"column":20},"end":{"line":4,"column":40}},"4":{"start":{"line":5,"column":23},"end":{"line":5,"column":63}},"5":{"start":{"line":6,"column":0},"end":{"line":6,"column":27}},"6":{"start":{"line":8,"column":18},"end":{"line":45,"column":1}},"7":{"start":{"line":9,"column":4},"end":{"line":44,"column":5}},"8":{"start":{"line":10,"column":8},"end":{"line":43,"column":9}},"9":{"start":{"line":11,"column":26},"end":{"line":11,"column":69}},"10":{"start":{"line":12,"column":12},"end":{"line":14,"column":13}},"11":{"start":{"line":13,"column":16},"end":{"line":13,"column":61}},"12":{"start":{"line":17,"column":12},"end":{"line":19,"column":13}},"13":{"start":{"line":18,"column":16},"end":{"line":18,"column":82}},"14":{"start":{"line":21,"column":12},"end":{"line":40,"column":15}},"15":{"start":{"line":22,"column":16},"end":{"line":25,"column":17}},"16":{"start":{"line":23,"column":20},"end":{"line":23,"column":66}},"17":{"start":{"line":24,"column":20},"end":{"line":24,"column":83}},"18":{"start":{"line":27,"column":29},"end":{"line":27,"column":73}},"19":{"start":{"line":28,"column":16},"end":{"line":30,"column":17}},"20":{"start":{"line":29,"column":20},"end":{"line":29,"column":77}},"21":{"start":{"line":32,"column":35},"end":{"line":32,"column":113}},"22":{"start":{"line":32,"column":60},"end":{"line":32,"column":112}},"23":{"start":{"line":33,"column":16},"end":{"line":35,"column":17}},"24":{"start":{"line":34,"column":20},"end":{"line":34,"column":62}},"25":{"start":{"line":37,"column":16},"end":{"line":37,"column":35}},"26":{"start":{"line":39,"column":16},"end":{"line":39,"column":23}},"27":{"start":{"line":42,"column":12},"end":{"line":42,"column":24}},"28":{"start":{"line":47,"column":0},"end":{"line":49,"column":1}}},"fnMap":{"0":{"name":"(anonymous_0)","decl":{"start":{"line":8,"column":18},"end":{"line":8,"column":19}},"loc":{"start":{"line":8,"column":37},"end":{"line":45,"column":1}},"line":8},"1":{"name":"(anonymous_1)","decl":{"start":{"line":9,"column":11},"end":{"line":9,"column":12}},"loc":{"start":{"line":9,"column":37},"end":{"line":44,"column":5}},"line":9},"2":{"name":"(anonymous_2)","decl":{"start":{"line":21,"column":50},"end":{"line":21,"column":51}},"loc":{"start":{"line":21,"column":74},"end":{"line":40,"column":13}},"line":21},"3":{"name":"(anonymous_3)","decl":{"start":{"line":32,"column":49},"end":{"line":32,"column":50}},"loc":{"start":{"line":32,"column":60},"end":{"line":32,"column":112}},"line":32}},"branchMap":{"0":{"loc":{"start":{"line":8,"column":19},"end":{"line":8,"column":32}},"type":"default-arg","locations":[{"start":{"line":8,"column":30},"end":{"line":8,"column":32}}],"line":8},"1":{"loc":{"start":{"line":12,"column":12},"end":{"line":14,"column":13}},"type":"if","locations":[{"start":{"line":12,"column":12},"end":{"line":14,"column":13}},{"start":{},"end":{}}],"line":12},"2":{"loc":{"start":{"line":17,"column":12},"end":{"line":19,"column":13}},"type":"if","locations":[{"start":{"line":17,"column":12},"end":{"line":19,"column":13}},{"start":{},"end":{}}],"line":17},"3":{"loc":{"start":{"line":22,"column":16},"end":{"line":25,"column":17}},"type":"if","locations":[{"start":{"line":22,"column":16},"end":{"line":25,"column":17}},{"start":{},"end":{}}],"line":22},"4":{"loc":{"start":{"line":28,"column":16},"end":{"line":30,"column":17}},"type":"if","locations":[{"start":{"line":28,"column":16},"end":{"line":30,"column":17}},{"start":{},"end":{}}],"line":28},"5":{"loc":{"start":{"line":33,"column":16},"end":{"line":35,"column":17}},"type":"if","locations":[{"start":{"line":33,"column":16},"end":{"line":35,"column":17}},{"start":{},"end":{}}],"line":33}},"s":{"0":0,"1":0,"2":0,"3":0,"4":0,"5":0,"6":0,"7":0,"8":0,"9":0,"10":0,"11":0,"12":0,"13":0,"14":0,"15":0,"16":0,"17":0,"18":0,"19":0,"20":0,"21":0,"22":0,"23":0,"24":0,"25":0,"26":0,"27":0,"28":0},"f":{"0":0,"1":0,"2":0,"3":0},"b":{"0":[0],"1":[0,0],"2":[0,0],"3":[0,0],"4":[0,0],"5":[0,0]}}
,"D:\\B\\CODE\\pzn\\uwupedia\\src\\middleware\\error.middleware.js": {"path":"D:\\B\\CODE\\pzn\\uwupedia\\src\\middleware\\error.middleware.js","statementMap":{"0":{"start":{"line":1,"column":24},"end":{"line":1,"column":58}},"1":{"start":{"line":3,"column":24},"end":{"line":18,"column":1}},"2":{"start":{"line":4,"column":4},"end":{"line":7,"column":5}},"3":{"start":{"line":5,"column":8},"end":{"line":5,"column":15}},"4":{"start":{"line":6,"column":8},"end":{"line":6,"column":15}},"5":{"start":{"line":9,"column":4},"end":{"line":17,"column":5}},"6":{"start":{"line":10,"column":8},"end":{"line":12,"column":17}},"7":{"start":{"line":14,"column":8},"end":{"line":16,"column":17}},"8":{"start":{"line":20,"column":0},"end":{"line":22,"column":1}}},"fnMap":{"0":{"name":"(anonymous_0)","decl":{"start":{"line":3,"column":24},"end":{"line":3,"column":25}},"loc":{"start":{"line":3,"column":49},"end":{"line":18,"column":1}},"line":3}},"branchMap":{"0":{"loc":{"start":{"line":4,"column":4},"end":{"line":7,"column":5}},"type":"if","locations":[{"start":{"line":4,"column":4},"end":{"line":7,"column":5}},{"start":{},"end":{}}],"line":4},"1":{"loc":{"start":{"line":9,"column":4},"end":{"line":17,"column":5}},"type":"if","locations":[{"start":{"line":9,"column":4},"end":{"line":17,"column":5}},{"start":{"line":13,"column":11},"end":{"line":17,"column":5}}],"line":9}},"s":{"0":0,"1":0,"2":0,"3":0,"4":0,"5":0,"6":0,"7":0,"8":0},"f":{"0":0},"b":{"0":[0,0],"1":[0,0]}}
,"D:\\B\\CODE\\pzn\\uwupedia\\src\\middleware\\instrument.middleware.js": {"path":"D:\\B\\CODE\\pzn\\uwupedia\\src\\middleware\\instrument.middleware.js","statementMap":{"0":{"start":{"line":2,"column":15},"end":{"line":2,"column":38}},"1":{"start":{"line":3,"column":37},"end":{"line":3,"column":70}},"2":{"start":{"line":5,"column":0},"end":{"line":15,"column":3}}},"fnMap":{},"branchMap":{},"s":{"0":0,"1":0,"2":0},"f":{},"b":{}}
,"D:\\B\\CODE\\pzn\\uwupedia\\src\\middleware\\logger.middleware.js": {"path":"D:\\B\\CODE\\pzn\\uwupedia\\src\\middleware\\logger.middleware.js","statementMap":{"0":{"start":{"line":1,"column":17},"end":{"line":1,"column":51}},"1":{"start":{"line":3,"column":25},"end":{"line":17,"column":1}},"2":{"start":{"line":4,"column":18},"end":{"line":4,"column":28}},"3":{"start":{"line":6,"column":4},"end":{"line":14,"column":7}},"4":{"start":{"line":7,"column":25},"end":{"line":7,"column":43}},"5":{"start":{"line":8,"column":8},"end":{"line":13,"column":11}},"6":{"start":{"line":16,"column":4},"end":{"line":16,"column":11}},"7":{"start":{"line":19,"column":0},"end":{"line":21,"column":2}}},"fnMap":{"0":{"name":"(anonymous_0)","decl":{"start":{"line":3,"column":25},"end":{"line":3,"column":26}},"loc":{"start":{"line":3,"column":45},"end":{"line":17,"column":1}},"line":3},"1":{"name":"(anonymous_1)","decl":{"start":{"line":6,"column":21},"end":{"line":6,"column":22}},"loc":{"start":{"line":6,"column":27},"end":{"line":14,"column":5}},"line":6}},"branchMap":{},"s":{"0":0,"1":0,"2":0,"3":0,"4":0,"5":0,"6":0,"7":0},"f":{"0":0,"1":0},"b":{}}
,"D:\\B\\CODE\\pzn\\uwupedia\\src\\middleware\\route-not-found.middleware.js": {"path":"D:\\B\\CODE\\pzn\\uwupedia\\src\\middleware\\route-not-found.middleware.js","statementMap":{"0":{"start":{"line":1,"column":32},"end":{"line":6,"column":1}},"1":{"start":{"line":2,"column":4},"end":{"line":5,"column":17}},"2":{"start":{"line":8,"column":0},"end":{"line":10,"column":2}}},"fnMap":{"0":{"name":"(anonymous_0)","decl":{"start":{"line":1,"column":32},"end":{"line":1,"column":33}},"loc":{"start":{"line":1,"column":46},"end":{"line":6,"column":1}},"line":1}},"branchMap":{},"s":{"0":0,"1":0,"2":0},"f":{"0":0},"b":{}}
,"D:\\B\\CODE\\pzn\\uwupedia\\src\\model\\address.js": {"path":"D:\\B\\CODE\\pzn\\uwupedia\\src\\model\\address.js","statementMap":{"0":{"start":{"line":4,"column":4},"end":{"line":4,"column":24}},"1":{"start":{"line":5,"column":0},"end":{"line":53,"column":2}},"2":{"start":{"line":14,"column":12},"end":{"line":17,"column":14}},"3":{"start":{"line":19,"column":12},"end":{"line":24,"column":14}},"4":{"start":{"line":28,"column":4},"end":{"line":51,"column":7}},"5":{"start":{"line":52,"column":4},"end":{"line":52,"column":19}}},"fnMap":{"0":{"name":"(anonymous_0)","decl":{"start":{"line":5,"column":17},"end":{"line":5,"column":18}},"loc":{"start":{"line":5,"column":43},"end":{"line":53,"column":1}},"line":5},"1":{"name":"(anonymous_1)","decl":{"start":{"line":12,"column":8},"end":{"line":12,"column":9}},"loc":{"start":{"line":12,"column":33},"end":{"line":25,"column":9}},"line":12}},"branchMap":{},"s":{"0":2,"1":2,"2":2,"3":2,"4":2,"5":2},"f":{"0":2,"1":2},"b":{},"_coverageSchema":"1a1c01bbd47fc00a2c39e90264f33305004495a9","hash":"c88f6c7f7eecbbd0dc10c4a609ecb0cd25f30a94"}
,"D:\\B\\CODE\\pzn\\uwupedia\\src\\model\\categories.js": {"path":"D:\\B\\CODE\\pzn\\uwupedia\\src\\model\\categories.js","statementMap":{"0":{"start":{"line":4,"column":4},"end":{"line":4,"column":24}},"1":{"start":{"line":5,"column":0},"end":{"line":49,"column":2}},"2":{"start":{"line":14,"column":12},"end":{"line":19,"column":14}},"3":{"start":{"line":21,"column":12},"end":{"line":26,"column":14}},"4":{"start":{"line":31,"column":4},"end":{"line":47,"column":7}},"5":{"start":{"line":48,"column":4},"end":{"line":48,"column":22}}},"fnMap":{"0":{"name":"(anonymous_0)","decl":{"start":{"line":5,"column":17},"end":{"line":5,"column":18}},"loc":{"start":{"line":5,"column":43},"end":{"line":49,"column":1}},"line":5},"1":{"name":"(anonymous_1)","decl":{"start":{"line":12,"column":8},"end":{"line":12,"column":9}},"loc":{"start":{"line":12,"column":33},"end":{"line":28,"column":9}},"line":12}},"branchMap":{},"s":{"0":2,"1":2,"2":2,"3":2,"4":2,"5":2},"f":{"0":2,"1":2},"b":{},"_coverageSchema":"1a1c01bbd47fc00a2c39e90264f33305004495a9","hash":"c9e66e1352c0b6d9e4dea42ed7c23e1170986baf"}
,"D:\\B\\CODE\\pzn\\uwupedia\\src\\model\\chat.js": {"path":"D:\\B\\CODE\\pzn\\uwupedia\\src\\model\\chat.js","statementMap":{"0":{"start":{"line":4,"column":4},"end":{"line":4,"column":24}},"1":{"start":{"line":5,"column":0},"end":{"line":45,"column":2}},"2":{"start":{"line":14,"column":12},"end":{"line":17,"column":14}},"3":{"start":{"line":19,"column":12},"end":{"line":22,"column":14}},"4":{"start":{"line":26,"column":4},"end":{"line":43,"column":7}},"5":{"start":{"line":44,"column":4},"end":{"line":44,"column":16}}},"fnMap":{"0":{"name":"(anonymous_0)","decl":{"start":{"line":5,"column":17},"end":{"line":5,"column":18}},"loc":{"start":{"line":5,"column":43},"end":{"line":45,"column":1}},"line":5},"1":{"name":"(anonymous_1)","decl":{"start":{"line":12,"column":8},"end":{"line":12,"column":9}},"loc":{"start":{"line":12,"column":33},"end":{"line":23,"column":9}},"line":12}},"branchMap":{},"s":{"0":2,"1":2,"2":2,"3":2,"4":2,"5":2},"f":{"0":2,"1":2},"b":{},"_coverageSchema":"1a1c01bbd47fc00a2c39e90264f33305004495a9","hash":"6945ccc156a7be28f5c788dffdc98af36988e893"}
,"D:\\B\\CODE\\pzn\\uwupedia\\src\\model\\index.js": {"path":"D:\\B\\CODE\\pzn\\uwupedia\\src\\model\\index.js","statementMap":{"0":{"start":{"line":3,"column":11},"end":{"line":3,"column":24}},"1":{"start":{"line":4,"column":13},"end":{"line":4,"column":28}},"2":{"start":{"line":5,"column":18},"end":{"line":5,"column":38}},"3":{"start":{"line":6,"column":16},"end":{"line":6,"column":34}},"4":{"start":{"line":7,"column":17},"end":{"line":7,"column":42}},"5":{"start":{"line":8,"column":12},"end":{"line":8,"column":49}},"6":{"start":{"line":9,"column":15},"end":{"line":9,"column":66}},"7":{"start":{"line":10,"column":11},"end":{"line":10,"column":13}},"8":{"start":{"line":13,"column":0},"end":{"line":17,"column":1}},"9":{"start":{"line":14,"column":2},"end":{"line":14,"column":74}},"10":{"start":{"line":16,"column":2},"end":{"line":16,"column":87}},"11":{"start":{"line":19,"column":0},"end":{"line":32,"column":5}},"12":{"start":{"line":22,"column":4},"end":{"line":27,"column":6}},"13":{"start":{"line":30,"column":18},"end":{"line":30,"column":85}},"14":{"start":{"line":31,"column":4},"end":{"line":31,"column":27}},"15":{"start":{"line":34,"column":0},"end":{"line":38,"column":3}},"16":{"start":{"line":35,"column":2},"end":{"line":37,"column":3}},"17":{"start":{"line":36,"column":4},"end":{"line":36,"column":32}},"18":{"start":{"line":40,"column":0},"end":{"line":40,"column":25}},"19":{"start":{"line":41,"column":0},"end":{"line":41,"column":25}},"20":{"start":{"line":43,"column":0},"end":{"line":43,"column":20}}},"fnMap":{"0":{"name":"(anonymous_0)","decl":{"start":{"line":21,"column":10},"end":{"line":21,"column":11}},"loc":{"start":{"line":21,"column":18},"end":{"line":28,"column":3}},"line":21},"1":{"name":"(anonymous_1)","decl":{"start":{"line":29,"column":11},"end":{"line":29,"column":12}},"loc":{"start":{"line":29,"column":19},"end":{"line":32,"column":3}},"line":29},"2":{"name":"(anonymous_2)","decl":{"start":{"line":34,"column":24},"end":{"line":34,"column":25}},"loc":{"start":{"line":34,"column":37},"end":{"line":38,"column":1}},"line":34}},"branchMap":{"0":{"loc":{"start":{"line":8,"column":12},"end":{"line":8,"column":49}},"type":"binary-expr","locations":[{"start":{"line":8,"column":12},"end":{"line":8,"column":32}},{"start":{"line":8,"column":36},"end":{"line":8,"column":49}}],"line":8},"1":{"loc":{"start":{"line":13,"column":0},"end":{"line":17,"column":1}},"type":"if","locations":[{"start":{"line":13,"column":0},"end":{"line":17,"column":1}},{"start":{"line":15,"column":7},"end":{"line":17,"column":1}}],"line":13},"2":{"loc":{"start":{"line":23,"column":6},"end":{"line":26,"column":37}},"type":"binary-expr","locations":[{"start":{"line":23,"column":6},"end":{"line":23,"column":29}},{"start":{"line":24,"column":6},"end":{"line":24,"column":23}},{"start":{"line":25,"column":6},"end":{"line":25,"column":30}},{"start":{"line":26,"column":6},"end":{"line":26,"column":37}}],"line":23},"3":{"loc":{"start":{"line":35,"column":2},"end":{"line":37,"column":3}},"type":"if","locations":[{"start":{"line":35,"column":2},"end":{"line":37,"column":3}},{"start":{},"end":{}}],"line":35}},"s":{"0":2,"1":2,"2":2,"3":2,"4":2,"5":2,"6":2,"7":2,"8":2,"9":0,"10":2,"11":2,"12":24,"13":22,"14":22,"15":2,"16":22,"17":22,"18":2,"19":2,"20":2},"f":{"0":24,"1":22,"2":22},"b":{"0":[2,0],"1":[0,2],"2":[24,24,22,22],"3":[22,0]},"_coverageSchema":"1a1c01bbd47fc00a2c39e90264f33305004495a9","hash":"12b14497feaaebed290551b61ea1aeb7919e14c5"}
,"D:\\B\\CODE\\pzn\\uwupedia\\src\\model\\logistics.js": {"path":"D:\\B\\CODE\\pzn\\uwupedia\\src\\model\\logistics.js","statementMap":{"0":{"start":{"line":4,"column":4},"end":{"line":4,"column":24}},"1":{"start":{"line":5,"column":0},"end":{"line":43,"column":2}},"2":{"start":{"line":14,"column":12},"end":{"line":19,"column":14}},"3":{"start":{"line":23,"column":4},"end":{"line":41,"column":7}},"4":{"start":{"line":42,"column":4},"end":{"line":42,"column":21}}},"fnMap":{"0":{"name":"(anonymous_0)","decl":{"start":{"line":5,"column":17},"end":{"line":5,"column":18}},"loc":{"start":{"line":5,"column":43},"end":{"line":43,"column":1}},"line":5},"1":{"name":"(anonymous_1)","decl":{"start":{"line":12,"column":8},"end":{"line":12,"column":9}},"loc":{"start":{"line":12,"column":33},"end":{"line":20,"column":9}},"line":12}},"branchMap":{},"s":{"0":2,"1":2,"2":2,"3":2,"4":2},"f":{"0":2,"1":2},"b":{},"_coverageSchema":"1a1c01bbd47fc00a2c39e90264f33305004495a9","hash":"b0198eec4f3d2485715e78414158b8f1fcb80fff"}
,"D:\\B\\CODE\\pzn\\uwupedia\\src\\model\\orders.js": {"path":"D:\\B\\CODE\\pzn\\uwupedia\\src\\model\\orders.js","statementMap":{"0":{"start":{"line":4,"column":4},"end":{"line":4,"column":24}},"1":{"start":{"line":5,"column":0},"end":{"line":56,"column":2}},"2":{"start":{"line":14,"column":12},"end":{"line":17,"column":14}},"3":{"start":{"line":19,"column":12},"end":{"line":22,"column":14}},"4":{"start":{"line":24,"column":12},"end":{"line":29,"column":14}},"5":{"start":{"line":33,"column":4},"end":{"line":54,"column":7}},"6":{"start":{"line":55,"column":4},"end":{"line":55,"column":18}}},"fnMap":{"0":{"name":"(anonymous_0)","decl":{"start":{"line":5,"column":17},"end":{"line":5,"column":18}},"loc":{"start":{"line":5,"column":43},"end":{"line":56,"column":1}},"line":5},"1":{"name":"(anonymous_1)","decl":{"start":{"line":12,"column":8},"end":{"line":12,"column":9}},"loc":{"start":{"line":12,"column":33},"end":{"line":30,"column":9}},"line":12}},"branchMap":{},"s":{"0":2,"1":2,"2":2,"3":2,"4":2,"5":2,"6":2},"f":{"0":2,"1":2},"b":{},"_coverageSchema":"1a1c01bbd47fc00a2c39e90264f33305004495a9","hash":"9bf31a4c2b4437f6a24cd61ce8d0238b802e40bc"}
,"D:\\B\\CODE\\pzn\\uwupedia\\src\\model\\ordersdetails.js": {"path":"D:\\B\\CODE\\pzn\\uwupedia\\src\\model\\ordersdetails.js","statementMap":{"0":{"start":{"line":4,"column":4},"end":{"line":4,"column":24}},"1":{"start":{"line":5,"column":0},"end":{"line":70,"column":2}},"2":{"start":{"line":14,"column":12},"end":{"line":17,"column":14}},"3":{"start":{"line":19,"column":12},"end":{"line":22,"column":14}},"4":{"start":{"line":24,"column":12},"end":{"line":27,"column":14}},"5":{"start":{"line":29,"column":12},"end":{"line":32,"column":14}},"6":{"start":{"line":37,"column":4},"end":{"line":68,"column":7}},"7":{"start":{"line":69,"column":4},"end":{"line":69,"column":25}}},"fnMap":{"0":{"name":"(anonymous_0)","decl":{"start":{"line":5,"column":17},"end":{"line":5,"column":18}},"loc":{"start":{"line":5,"column":43},"end":{"line":70,"column":1}},"line":5},"1":{"name":"(anonymous_1)","decl":{"start":{"line":12,"column":8},"end":{"line":12,"column":9}},"loc":{"start":{"line":12,"column":33},"end":{"line":34,"column":9}},"line":12}},"branchMap":{},"s":{"0":2,"1":2,"2":2,"3":2,"4":2,"5":2,"6":2,"7":2},"f":{"0":2,"1":2},"b":{},"_coverageSchema":"1a1c01bbd47fc00a2c39e90264f33305004495a9","hash":"f08c04d170f74639c78aa0002525b64fea9b10b1"}
,"D:\\B\\CODE\\pzn\\uwupedia\\src\\model\\paymentmethods.js": {"path":"D:\\B\\CODE\\pzn\\uwupedia\\src\\model\\paymentmethods.js","statementMap":{"0":{"start":{"line":4,"column":4},"end":{"line":4,"column":24}},"1":{"start":{"line":5,"column":0},"end":{"line":43,"column":2}},"2":{"start":{"line":14,"column":12},"end":{"line":19,"column":14}},"3":{"start":{"line":23,"column":4},"end":{"line":41,"column":7}},"4":{"start":{"line":42,"column":4},"end":{"line":42,"column":26}}},"fnMap":{"0":{"name":"(anonymous_0)","decl":{"start":{"line":5,"column":17},"end":{"line":5,"column":18}},"loc":{"start":{"line":5,"column":43},"end":{"line":43,"column":1}},"line":5},"1":{"name":"(anonymous_1)","decl":{"start":{"line":12,"column":8},"end":{"line":12,"column":9}},"loc":{"start":{"line":12,"column":33},"end":{"line":20,"column":9}},"line":12}},"branchMap":{},"s":{"0":2,"1":2,"2":2,"3":2,"4":2},"f":{"0":2,"1":2},"b":{},"_coverageSchema":"1a1c01bbd47fc00a2c39e90264f33305004495a9","hash":"4adc252c86c54fc2acdda121f2062c472e5beed1"}
,"D:\\B\\CODE\\pzn\\uwupedia\\src\\model\\productimages.js": {"path":"D:\\B\\CODE\\pzn\\uwupedia\\src\\model\\productimages.js","statementMap":{"0":{"start":{"line":4,"column":4},"end":{"line":4,"column":24}},"1":{"start":{"line":5,"column":0},"end":{"line":40,"column":2}},"2":{"start":{"line":15,"column":6},"end":{"line":18,"column":8}},"3":{"start":{"line":21,"column":2},"end":{"line":38,"column":5}},"4":{"start":{"line":39,"column":2},"end":{"line":39,"column":23}}},"fnMap":{"0":{"name":"(anonymous_0)","decl":{"start":{"line":5,"column":17},"end":{"line":5,"column":18}},"loc":{"start":{"line":5,"column":43},"end":{"line":40,"column":1}},"line":5},"1":{"name":"(anonymous_1)","decl":{"start":{"line":12,"column":4},"end":{"line":12,"column":5}},"loc":{"start":{"line":12,"column":29},"end":{"line":19,"column":5}},"line":12}},"branchMap":{},"s":{"0":2,"1":2,"2":2,"3":2,"4":2},"f":{"0":2,"1":2},"b":{},"_coverageSchema":"1a1c01bbd47fc00a2c39e90264f33305004495a9","hash":"c86d3469c7ef1520a3d8cce0bd71c4fc1f1588fa"}
,"D:\\B\\CODE\\pzn\\uwupedia\\src\\model\\products.js": {"path":"D:\\B\\CODE\\pzn\\uwupedia\\src\\model\\products.js","statementMap":{"0":{"start":{"line":4,"column":4},"end":{"line":4,"column":24}},"1":{"start":{"line":5,"column":0},"end":{"line":63,"column":2}},"2":{"start":{"line":14,"column":12},"end":{"line":17,"column":14}},"3":{"start":{"line":19,"column":12},"end":{"line":22,"column":14}},"4":{"start":{"line":24,"column":12},"end":{"line":29,"column":14}},"5":{"start":{"line":31,"column":12},"end":{"line":36,"column":14}},"6":{"start":{"line":40,"column":4},"end":{"line":61,"column":7}},"7":{"start":{"line":62,"column":4},"end":{"line":62,"column":20}}},"fnMap":{"0":{"name":"(anonymous_0)","decl":{"start":{"line":5,"column":17},"end":{"line":5,"column":18}},"loc":{"start":{"line":5,"column":43},"end":{"line":63,"column":1}},"line":5},"1":{"name":"(anonymous_1)","decl":{"start":{"line":12,"column":8},"end":{"line":12,"column":9}},"loc":{"start":{"line":12,"column":33},"end":{"line":37,"column":9}},"line":12}},"branchMap":{},"s":{"0":2,"1":2,"2":2,"3":2,"4":2,"5":2,"6":2,"7":2},"f":{"0":2,"1":2},"b":{},"_coverageSchema":"1a1c01bbd47fc00a2c39e90264f33305004495a9","hash":"e557350f6be8c02c5ec8c7fea0d56bdbf1c4bdbc"}
,"D:\\B\\CODE\\pzn\\uwupedia\\src\\model\\subcategories.js": {"path":"D:\\B\\CODE\\pzn\\uwupedia\\src\\model\\subcategories.js","statementMap":{"0":{"start":{"line":4,"column":4},"end":{"line":4,"column":24}},"1":{"start":{"line":5,"column":0},"end":{"line":46,"column":2}},"2":{"start":{"line":13,"column":12},"end":{"line":16,"column":14}},"3":{"start":{"line":18,"column":12},"end":{"line":23,"column":14}},"4":{"start":{"line":27,"column":4},"end":{"line":44,"column":7}},"5":{"start":{"line":45,"column":4},"end":{"line":45,"column":25}}},"fnMap":{"0":{"name":"(anonymous_0)","decl":{"start":{"line":5,"column":17},"end":{"line":5,"column":18}},"loc":{"start":{"line":5,"column":43},"end":{"line":46,"column":1}},"line":5},"1":{"name":"(anonymous_1)","decl":{"start":{"line":12,"column":8},"end":{"line":12,"column":9}},"loc":{"start":{"line":12,"column":33},"end":{"line":24,"column":9}},"line":12}},"branchMap":{},"s":{"0":2,"1":2,"2":2,"3":2,"4":2,"5":2},"f":{"0":2,"1":2},"b":{},"_coverageSchema":"1a1c01bbd47fc00a2c39e90264f33305004495a9","hash":"304b3adfb37cb18f0541e9284047c8b733de0711"}
[...]
:106,"column":4},"end":{"line":108,"column":5}},"47":{"start":{"line":107,"column":8},"end":{"line":107,"column":56}},"48":{"start":{"line":110,"column":21},"end":{"line":110,"column":102}},"49":{"start":{"line":111,"column":25},"end":{"line":111,"column":76}},"50":{"start":{"line":113,"column":4},"end":{"line":120,"column":6}},"51":{"start":{"line":114,"column":46},"end":{"line":114,"column":83}},"52":{"start":{"line":123,"column":15},"end":{"line":142,"column":1}},"53":{"start":{"line":124,"column":20},"end":{"line":124,"column":62}},"54":{"start":{"line":125,"column":4},"end":{"line":125,"column":58}},"55":{"start":{"line":127,"column":4},"end":{"line":127,"column":54}},"56":{"start":{"line":128,"column":4},"end":{"line":128,"column":82}},"57":{"start":{"line":130,"column":29},"end":{"line":130,"column":75}},"58":{"start":{"line":131,"column":4},"end":{"line":133,"column":5}},"59":{"start":{"line":132,"column":8},"end":{"line":132,"column":58}},"60":{"start":{"line":135,"column":4},"end":{"line":135,"column":43}},"61":{"start":{"line":136,"column":4},"end":{"line":136,"column":43}},"62":{"start":{"line":137,"column":4},"end":{"line":137,"column":43}},"63":{"start":{"line":138,"column":4},"end":{"line":138,"column":55}},"64":{"start":{"line":139,"column":4},"end":{"line":139,"column":55}},"65":{"start":{"line":140,"column":4},"end":{"line":140,"column":45}},"66":{"start":{"line":141,"column":4},"end":{"line":141,"column":33}},"67":{"start":{"line":144,"column":15},"end":{"line":155,"column":1}},"68":{"start":{"line":145,"column":4},"end":{"line":145,"column":58}},"69":{"start":{"line":147,"column":29},"end":{"line":147,"column":75}},"70":{"start":{"line":148,"column":4},"end":{"line":150,"column":5}},"71":{"start":{"line":149,"column":8},"end":{"line":149,"column":58}},"72":{"start":{"line":152,"column":4},"end":{"line":152,"column":39}},"73":{"start":{"line":153,"column":4},"end":{"line":153,"column":45}},"74":{"start":{"line":154,"column":4},"end":{"line":154,"column":34}},"75":{"start":{"line":157,"column":20},"end":{"line":164,"column":1}},"76":{"start":{"line":158,"column":4},"end":{"line":158,"column":56}},"77":{"start":{"line":160,"column":29},"end":{"line":160,"column":75}},"78":{"start":{"line":162,"column":4},"end":{"line":162,"column":59}},"79":{"start":{"line":163,"column":4},"end":{"line":163,"column":34}},"80":{"start":{"line":166,"column":0},"end":{"line":173,"column":1}}},"fnMap":{"0":{"name":"(anonymous_0)","decl":{"start":{"line":28,"column":29},"end":{"line":28,"column":30}},"loc":{"start":{"line":28,"column":50},"end":{"line":54,"column":1}},"line":28},"1":{"name":"(anonymous_1)","decl":{"start":{"line":55,"column":15},"end":{"line":55,"column":16}},"loc":{"start":{"line":55,"column":61},"end":{"line":74,"column":1}},"line":55},"2":{"name":"(anonymous_2)","decl":{"start":{"line":76,"column":12},"end":{"line":76,"column":13}},"loc":{"start":{"line":76,"column":33},"end":{"line":86,"column":1}},"line":76},"3":{"name":"(anonymous_3)","decl":{"start":{"line":88,"column":15},"end":{"line":88,"column":16}},"loc":{"start":{"line":88,"column":34},"end":{"line":121,"column":1}},"line":88},"4":{"name":"(anonymous_4)","decl":{"start":{"line":114,"column":27},"end":{"line":114,"column":28}},"loc":{"start":{"line":114,"column":46},"end":{"line":114,"column":83}},"line":114},"5":{"name":"(anonymous_5)","decl":{"start":{"line":123,"column":15},"end":{"line":123,"column":16}},"loc":{"start":{"line":123,"column":45},"end":{"line":142,"column":1}},"line":123},"6":{"name":"(anonymous_6)","decl":{"start":{"line":144,"column":15},"end":{"line":144,"column":16}},"loc":{"start":{"line":144,"column":36},"end":{"line":155,"column":1}},"line":144},"7":{"name":"(anonymous_7)","decl":{"start":{"line":157,"column":20},"end":{"line":157,"column":21}},"loc":{"start":{"line":157,"column":47},"end":{"line":164,"column":1}},"line":157}},"branchMap":{"0":{"loc":{"start":{"line":81,"column":4},"end":{"line":83,"column":5}},"type":"if","locations":[{"start":{"line":81,"column":4},"end":{"line":83,"column":5}},{"start":{},"end":{}}],"line":81},"1":{"loc":{"start":{"line":98,"column":4},"end":{"line":100,"column":5}},"type":"if","locations":[{"start":{"line":98,"column":4},"end":{"line":100,"column":5}},{"start":{},"end":{}}],"line":98},"2":{"loc":{"start":{"line":102,"column":4},"end":{"line":104,"column":5}},"type":"if","locations":[{"start":{"line":102,"column":4},"end":{"line":104,"column":5}},{"start":{},"end":{}}],"line":102},"3":{"loc":{"start":{"line":106,"column":4},"end":{"line":108,"column":5}},"type":"if","locations":[{"start":{"line":106,"column":4},"end":{"line":108,"column":5}},{"start":{},"end":{}}],"line":106},"4":{"loc":{"start":{"line":131,"column":4},"end":{"line":133,"column":5}},"type":"if","locations":[{"start":{"line":131,"column":4},"end":{"line":133,"column":5}},{"start":{},"end":{}}],"line":131},"5":{"loc":{"start":{"line":148,"column":4},"end":{"line":150,"column":5}},"type":"if","locations":[{"start":{"line":148,"column":4},"end":{"line":150,"column":5}},{"start":{},"end":{}}],"line":148}},"s":{"0":0,"1":0,"2":0,"3":0,"4":0,"5":0,"6":0,"7":0,"8":0,"9":0,"10":0,"11":0,"12":0,"13":0,"14":0,"15":0,"16":0,"17":0,"18":0,"19":0,"20":0,"21":0,"22":0,"23":0,"24":0,"25":0,"26":0,"27":0,"28":0,"29":0,"30":0,"31":0,"32":0,"33":0,"34":0,"35":0,"36":0,"37":0,"38":0,"39":0,"40":0,"41":0,"42":0,"43":0,"44":0,"45":0,"46":0,"47":0,"48":0,"49":0,"50":0,"51":0,"52":0,"53":0,"54":0,"55":0,"56":0,"57":0,"58":0,"59":0,"60":0,"61":0,"62":0,"63":0,"64":0,"65":0,"66":0,"67":0,"68":0,"69":0,"70":0,"71":0,"72":0,"73":0,"74":0,"75":0,"76":0,"77":0,"78":0,"79":0,"80":0},"f":{"0":0,"1":0,"2":0,"3":0,"4":0,"5":0,"6":0,"7":0},"b":{"0":[0,0],"1":[0,0],"2":[0,0],"3":[0,0],"4":[0,0],"5":[0,0]}}
,"D:\\B\\CODE\\pzn\\uwupedia\\src\\service\\sub-category.service.js": {"path":"D:\\B\\CODE\\pzn\\uwupedia\\src\\service\\sub-category.service.js","statementMap":{"0":{"start":{"line":1,"column":36},"end":{"line":1,"column":55}},"1":{"start":{"line":2,"column":20},"end":{"line":2,"column":40}},"2":{"start":{"line":3,"column":21},"end":{"line":3,"column":36}},"3":{"start":{"line":4,"column":19},"end":{"line":4,"column":57}},"4":{"start":{"line":5,"column":24},"end":{"line":5,"column":58}},"5":{"start":{"line":6,"column":34},"end":{"line":6,"column":72}},"6":{"start":{"line":9,"column":4},"end":{"line":9,"column":54}},"7":{"start":{"line":12,"column":4},"end":{"line":12,"column":50}},"8":{"start":{"line":13,"column":33},"end":{"line":13,"column":62}},"9":{"start":{"line":14,"column":30},"end":{"line":14,"column":78}},"10":{"start":{"line":17,"column":34},"end":{"line":25,"column":1}},"11":{"start":{"line":18,"column":21},"end":{"line":18,"column":111}},"12":{"start":{"line":20,"column":4},"end":{"line":22,"column":5}},"13":{"start":{"line":21,"column":8},"end":{"line":21,"column":63}},"14":{"start":{"line":24,"column":4},"end":{"line":24,"column":23}},"15":{"start":{"line":27,"column":15},"end":{"line":46,"column":1}},"16":{"start":{"line":28,"column":4},"end":{"line":28,"column":61}},"17":{"start":{"line":29,"column":24},"end":{"line":29,"column":66}},"18":{"start":{"line":31,"column":4},"end":{"line":31,"column":58}},"19":{"start":{"line":33,"column":4},"end":{"line":33,"column":65}},"20":{"start":{"line":34,"column":31},"end":{"line":34,"column":115}},"21":{"start":{"line":36,"column":4},"end":{"line":38,"column":5}},"22":{"start":{"line":37,"column":8},"end":{"line":37,"column":68}},"23":{"start":{"line":40,"column":4},"end":{"line":40,"column":30}},"24":{"start":{"line":41,"column":4},"end":{"line":41,"column":41}},"25":{"start":{"line":42,"column":4},"end":{"line":42,"column":33}},"26":{"start":{"line":43,"column":4},"end":{"line":43,"column":40}},"27":{"start":{"line":45,"column":4},"end":{"line":45,"column":59}},"28":{"start":{"line":48,"column":13},"end":{"line":53,"column":1}},"29":{"start":{"line":49,"column":4},"end":{"line":49,"column":61}},"30":{"start":{"line":50,"column":4},"end":{"line":50,"column":58}},"31":{"start":{"line":52,"column":4},"end":{"line":52,"column":71}},"32":{"start":{"line":55,"column":15},"end":{"line":68,"column":1}},"33":{"start":{"line":56,"column":4},"end":{"line":56,"column":61}},"34":{"start":{"line":57,"column":4},"end":{"line":57,"column":70}},"35":{"start":{"line":59,"column":24},"end":{"line":59,"column":114}},"36":{"start":{"line":61,"column":4},"end":{"line":63,"column":5}},"37":{"start":{"line":62,"column":8},"end":{"line":62,"column":63}},"38":{"start":{"line":65,"column":4},"end":{"line":65,"column":34}},"39":{"start":{"line":66,"column":4},"end":{"line":66,"column":40}},"40":{"start":{"line":67,"column":4},"end":{"line":67,"column":29}},"41":{"start":{"line":70,"column":0},"end":{"line":75,"column":1}}},"fnMap":{"0":{"name":"(anonymous_0)","decl":{"start":{"line":17,"column":34},"end":{"line":17,"column":35}},"loc":{"start":{"line":17,"column":71},"end":{"line":25,"column":1}},"line":17},"1":{"name":"(anonymous_1)","decl":{"start":{"line":27,"column":15},"end":{"line":27,"column":16}},"loc":{"start":{"line":27,"column":46},"end":{"line":46,"column":1}},"line":27},"2":{"name":"(anonymous_2)","decl":{"start":{"line":48,"column":13},"end":{"line":48,"column":14}},"loc":{"start":{"line":48,"column":35},"end":{"line":53,"column":1}},"line":48},"3":{"name":"(anonymous_3)","decl":{"start":{"line":55,"column":15},"end":{"line":55,"column":16}},"loc":{"start":{"line":55,"column":52},"end":{"line":68,"column":1}},"line":55}},"branchMap":{"0":{"loc":{"start":{"line":20,"column":4},"end":{"line":22,"column":5}},"type":"if","locations":[{"start":{"line":20,"column":4},"end":{"line":22,"column":5}},{"start":{},"end":{}}],"line":20},"1":{"loc":{"start":{"line":36,"column":4},"end":{"line":38,"column":5}},"type":"if","locations":[{"start":{"line":36,"column":4},"end":{"line":38,"column":5}},{"start":{},"end":{}}],"line":36},"2":{"loc":{"start":{"line":61,"column":4},"end":{"line":63,"column":5}},"type":"if","locations":[{"start":{"line":61,"column":4},"end":{"line":63,"column":5}},{"start":{},"end":{}}],"line":61}},"s":{"0":0,"1":0,"2":0,"3":0,"4":0,"5":0,"6":0,"7":0,"8":0,"9":0,"10":0,"11":0,"12":0,"13":0,"14":0,"15":0,"16":0,"17":0,"18":0,"19":0,"20":0,"21":0,"22":0,"23":0,"24":0,"25":0,"26":0,"27":0,"28":0,"29":0,"30":0,"31":0,"32":0,"33":0,"34":0,"35":0,"36":0,"37":0,"38":0,"39":0,"40":0,"41":0},"f":{"0":0,"1":0,"2":0,"3":0},"b":{"0":[0,0],"1":[0,0],"2":[0,0]}}
,"D:\\B\\CODE\\pzn\\uwupedia\\src\\service\\user.service.js": {"path":"D:\\B\\CODE\\pzn\\uwupedia\\src\\service\\user.service.js","statementMap":{"0":{"start":{"line":1,"column":0},"end":{"line":1,"column":27}},"1":{"start":{"line":2,"column":15},"end":{"line":2,"column":34}},"2":{"start":{"line":3,"column":20},"end":{"line":3,"column":40}},"3":{"start":{"line":4,"column":21},"end":{"line":4,"column":36}},"4":{"start":{"line":5,"column":15},"end":{"line":5,"column":32}},"5":{"start":{"line":6,"column":12},"end":{"line":6,"column":35}},"6":{"start":{"line":7,"column":13},"end":{"line":7,"column":45}},"7":{"start":{"line":8,"column":19},"end":{"line":8,"column":57}},"8":{"start":{"line":9,"column":24},"end":{"line":9,"column":58}},"9":{"start":{"line":13,"column":4},"end":{"line":13,"column":46}},"10":{"start":{"line":14,"column":23},"end":{"line":14,"column":63}},"11":{"start":{"line":15,"column":22},"end":{"line":15,"column":55}},"12":{"start":{"line":16,"column":20},"end":{"line":16,"column":58}},"13":{"start":{"line":17,"column":21},"end":{"line":17,"column":60}},"14":{"start":{"line":20,"column":24},"end":{"line":25,"column":1}},"15":{"start":{"line":21,"column":17},"end":{"line":21,"column":65}},"16":{"start":{"line":22,"column":4},"end":{"line":24,"column":5}},"17":{"start":{"line":23,"column":8},"end":{"line":23,"column":67}},"18":{"start":{"line":27,"column":21},"end":{"line":32,"column":1}},"19":{"start":{"line":28,"column":17},"end":{"line":28,"column":59}},"20":{"start":{"line":29,"column":4},"end":{"line":31,"column":5}},"21":{"start":{"line":30,"column":8},"end":{"line":30,"column":64}},"22":{"start":{"line":34,"column":17},"end":{"line":56,"column":1}},"23":{"start":{"line":35,"column":17},"end":{"line":35,"column":52}},"24":{"start":{"line":37,"column":4},"end":{"line":37,"column":41}},"25":{"start":{"line":38,"column":4},"end":{"line":38,"column":34}},"26":{"start":{"line":40,"column":4},"end":{"line":40,"column":57}},"27":{"start":{"line":42,"column":4},"end":{"line":42,"column":23}},"28":{"start":{"line":43,"column":4},"end":{"line":43,"column":26}},"29":{"start":{"line":44,"column":4},"end":{"line":44,"column":27}},"30":{"start":{"line":45,"column":4},"end":{"line":45,"column":31}},"31":{"start":{"line":46,"column":4},"end":{"line":46,"column":40}},"32":{"start":{"line":47,"column":4},"end":{"line":47,"column":66}},"33":{"start":{"line":48,"column":4},"end":{"line":48,"column":33}},"34":{"start":{"line":50,"column":17},"end":{"line":50,"column":88}},"35":{"start":{"line":51,"column":4},"end":{"line":51,"column":102}},"36":{"start":{"line":54,"column":24},"end":{"line":54,"column":57}},"37":{"start":{"line":55,"column":4},"end":{"line":55,"column":68}},"38":{"start":{"line":58,"column":22},"end":{"line":75,"column":1}},"39":{"start":{"line":59,"column":24},"end":{"line":59,"column":56}},"40":{"start":{"line":60,"column":17},"end":{"line":60,"column":93}},"41":{"start":{"line":62,"column":4},"end":{"line":65,"column":5}},"42":{"start":{"line":63,"column":8},"end":{"line":63,"column":70}},"43":{"start":{"line":64,"column":8},"end":{"line":64,"column":92}},"44":{"start":{"line":67,"column":4},"end":{"line":69,"column":5}},"45":{"start":{"line":68,"column":8},"end":{"line":68,"column":102}},"46":{"start":{"line":71,"column":4},"end":{"line":71,"column":35}},"47":{"start":{"line":72,"column":4},"end":{"line":72,"column":26}},"48":{"start":{"line":73,"column":4},"end":{"line":73,"column":33}},"49":{"start":{"line":74,"column":4},"end":{"line":74,"column":16}},"50":{"start":{"line":78,"column":23},"end":{"line":88,"column":1}},"51":{"start":{"line":79,"column":17},"end":{"line":79,"column":76}},"52":{"start":{"line":81,"column":4},"end":{"line":81,"column":40}},"53":{"start":{"line":82,"column":4},"end":{"line":82,"column":66}},"54":{"start":{"line":83,"column":4},"end":{"line":83,"column":33}},"55":{"start":{"line":84,"column":4},"end":{"line":84,"column":16}},"56":{"start":{"line":86,"column":17},"end":{"line":86,"column":88}},"57":{"start":{"line":87,"column":4},"end":{"line":87,"column":102}},"58":{"start":{"line":90,"column":14},"end":{"line":112,"column":1}},"59":{"start":{"line":91,"column":25},"end":{"line":91,"column":59}},"60":{"start":{"line":93,"column":17},"end":{"line":93,"column":72}},"61":{"start":{"line":95,"column":4},"end":{"line":97,"column":5}},"62":{"start":{"line":96,"column":8},"end":{"line":96,"column":71}},"63":{"start":{"line":99,"column":28},"end":{"line":99,"column":80}},"64":{"start":{"line":100,"column":4},"end":{"line":102,"column":5}},"65":{"start":{"line":101,"column":8},"end":{"line":101,"column":71}},"66":{"start":{"line":104,"column":18},"end":{"line":109,"column":46}},"67":{"start":{"line":111,"column":4},"end":{"line":111,"column":17}},"68":{"start":{"line":114,"column":12},"end":{"line":121,"column":1}},"69":{"start":{"line":115,"column":17},"end":{"line":115,"column":57}},"70":{"start":{"line":116,"column":4},"end":{"line":118,"column":5}},"71":{"start":{"line":117,"column":8},"end":{"line":117,"column":55}},"72":{"start":{"line":120,"column":4},"end":{"line":120,"column":16}},"73":{"start":{"line":123,"column":15},"end":{"line":132,"column":1}},"74":{"start":{"line":124,"column":17},"end":{"line":124,"column":57}},"75":{"start":{"line":125,"column":4},"end":{"line":127,"column":5}},"76":{"start":{"line":126,"column":8},"end":{"line":126,"column":55}},"77":{"start":{"line":129,"column":4},"end":{"line":129,"column":22}},"78":{"start":{"line":130,"column":4},"end":{"line":130,"column":33}},"79":{"start":{"line":131,"column":4},"end":{"line":131,"column":16}},"80":{"start":{"line":134,"column":0},"end":{"line":141,"column":1}}},"fnMap":{"0":{"name":"(anonymous_0)","decl":{"start":{"line":20,"column":24},"end":{"line":20,"column":25}},"loc":{"start":{"line":20,"column":44},"end":{"line":25,"column":1}},"line":20},"1":{"name":"(anonymous_1)","decl":{"start":{"line":27,"column":21},"end":{"line":27,"column":22}},"loc":{"start":{"line":27,"column":38},"end":{"line":32,"column":1}},"line":27},"2":{"name":"(anonymous_2)","decl":{"start":{"line":34,"column":17},"end":{"line":34,"column":18}},"loc":{"start":{"line":34,"column":36},"end":{"line":56,"column":1}},"line":34},"3":{"name":"(anonymous_3)","decl":{"start":{"line":58,"column":22},"end":{"line":58,"column":23}},"loc":{"start":{"line":58,"column":49},"end":{"line":75,"column":1}},"line":58},"4":{"name":"(anonymous_4)","decl":{"start":{"line":78,"column":23},"end":{"line":78,"column":24}},"loc":{"start":{"line":78,"column":41},"end":{"line":88,"column":1}},"line":78},"5":{"name":"(anonymous_5)","decl":{"start":{"line":90,"column":14},"end":{"line":90,"column":15}},"loc":{"start":{"line":90,"column":33},"end":{"line":112,"column":1}},"line":90},"6":{"name":"(anonymous_6)","decl":{"start":{"line":114,"column":12},"end":{"line":114,"column":13}},"loc":{"start":{"line":114,"column":30},"end":{"line":121,"column":1}},"line":114},"7":{"name":"(anonymous_7)","decl":{"start":{"line":123,"column":15},"end":{"line":123,"column":16}},"loc":{"start":{"line":123,"column":33},"end":{"line":132,"column":1}},"line":123}},"branchMap":{"0":{"loc":{"start":{"line":22,"column":4},"end":{"line":24,"column":5}},"type":"if","locations":[{"start":{"line":22,"column":4},"end":{"line":24,"column":5}},{"start":{},"end":{}}],"line":22},"1":{"loc":{"start":{"line":29,"column":4},"end":{"line":31,"column":5}},"type":"if","locations":[{"start":{"line":29,"column":4},"end":{"line":31,"column":5}},{"start":{},"end":{}}],"line":29},"2":{"loc":{"start":{"line":62,"column":4},"end":{"line":65,"column":5}},"type":"if","locations":[{"start":{"line":62,"column":4},"end":{"line":65,"column":5}},{"start":{},"end":{}}],"line":62},"3":{"loc":{"start":{"line":67,"column":4},"end":{"line":69,"column":5}},"type":"if","locations":[{"start":{"line":67,"column":4},"end":{"line":69,"column":5}},{"start":{},"end":{}}],"line":67},"4":{"loc":{"start":{"line":95,"column":4},"end":{"line":97,"column":5}},"type":"if","locations":[{"start":{"line":95,"column":4},"end":{"line":97,"column":5}},{"start":{},"end":{}}],"line":95},"5":{"loc":{"start":{"line":100,"column":4},"end":{"line":102,"column":5}},"type":"if","locations":[{"start":{"line":100,"column":4},"end":{"line":102,"column":5}},{"start":{},"end":{}}],"line":100},"6":{"loc":{"start":{"line":116,"column":4},"end":{"line":118,"column":5}},"type":"if","locations":[{"start":{"line":116,"column":4},"end":{"line":118,"column":5}},{"start":{},"end":{}}],"line":116},"7":{"loc":{"start":{"line":125,"column":4},"end":{"line":127,"column":5}},"type":"if","locations":[{"start":{"line":125,"column":4},"end":{"line":127,"column":5}},{"start":{},"end":{}}],"line":125}},"s":{"0":1,"1":1,"2":1,"3":1,"4":1,"5":1,"6":1,"7":1,"8":1,"9":1,"10":1,"11":1,"12":1,"13":1,"14":1,"15":1,"16":1,"17":0,"18":1,"19":1,"20":1,"21":0,"22":1,"23":1,"24":1,"25":1,"26":1,"27":1,"28":1,"29":1,"30":1,"31":1,"32":1,"33":1,"34":1,"35":1,"36":1,"37":1,"38":1,"39":0,"40":0,"41":0,"42":0,"43":0,"44":0,"45":0,"46":0,"47":0,"48":0,"49":0,"50":1,"51":0,"52":0,"53":0,"54":0,"55":0,"56":0,"57":0,"58":1,"59":0,"60":0,"61":0,"62":0,"63":0,"64":0,"65":0,"66":0,"67":0,"68":1,"69":0,"70":0,"71":0,"72":0,"73":1,"74":0,"75":0,"76":0,"77":0,"78":0,"79":0,"80":1},"f":{"0":1,"1":1,"2":1,"3":0,"4":0,"5":0,"6":0,"7":0},"b":{"0":[0,1],"1":[0,1],"2":[0,0],"3":[0,0],"4":[0,0],"5":[0,0],"6":[0,0],"7":[0,0]},"_coverageSchema":"1a1c01bbd47fc00a2c39e90264f33305004495a9","hash":"79af0f834fcaf5ada3e15a434548a2d8c9807876"}
}
