TN:
SF:src\service\address.service.js
FN:13,(anonymous_0)
FN:23,(anonymous_1)
FN:39,(anonymous_2)
FN:43,(anonymous_3)
FN:51,(anonymous_4)
FN:66,(anonymous_5)
FNF:6
FNH:0
FNDA:0,(anonymous_0)
FNDA:0,(anonymous_1)
FNDA:0,(anonymous_2)
FNDA:0,(anonymous_3)
FNDA:0,(anonymous_4)
FNDA:0,(anonymous_5)
DA:1,2
DA:2,2
DA:3,2
DA:4,2
DA:5,2
DA:8,2
DA:10,2
DA:11,2
DA:13,2
DA:14,0
DA:16,0
DA:17,0
DA:20,0
DA:23,2
DA:24,0
DA:26,0
DA:27,0
DA:30,0
DA:31,0
DA:32,0
DA:33,0
DA:35,0
DA:36,0
DA:39,2
DA:40,0
DA:43,2
DA:44,0
DA:45,0
DA:47,0
DA:48,0
DA:51,2
DA:52,0
DA:53,0
DA:55,0
DA:57,0
DA:58,0
DA:61,0
DA:62,0
DA:63,0
DA:66,2
DA:67,0
DA:69,0
DA:70,0
DA:72,0
DA:75,2
LF:45
LH:15
BRDA:16,0,0,0
BRDA:16,0,1,0
BRDA:26,1,0,0
BRDA:26,1,1,0
BRDA:57,2,0,0
BRDA:57,2,1,0
BRDA:69,3,0,0
BRDA:69,3,1,0
BRF:8
BRH:0
end_of_record
TN:
SF:src\service\category.service.js
FN:13,(anonymous_0)
FN:23,(anonymous_1)
FN:40,(anonymous_2)
FN:44,(anonymous_3)
FNF:4
FNH:0
FNDA:0,(anonymous_0)
FNDA:0,(anonymous_1)
FNDA:0,(anonymous_2)
FNDA:0,(anonymous_3)
DA:1,2
DA:2,2
DA:3,2
DA:4,2
DA:5,2
DA:6,2
DA:9,2
DA:10,2
DA:11,2
DA:13,2
DA:14,0
DA:16,0
DA:17,0
DA:20,0
DA:23,2
DA:24,0
DA:26,0
DA:27,0
DA:29,0
DA:30,0
DA:33,0
DA:34,0
DA:35,0
DA:37,0
DA:40,2
DA:41,0
DA:44,2
DA:45,0
DA:47,0
DA:48,0
DA:51,0
DA:52,0
DA:53,0
DA:56,2
LF:34
LH:14
BRDA:16,0,0,0
BRDA:16,0,1,0
BRDA:29,1,0,0
BRDA:29,1,1,0
BRDA:47,2,0,0
BRDA:47,2,1,0
BRF:6
BRH:0
end_of_record
TN:
SF:src\service\health.service.js
FN:3,(anonymous_0)
FNF:1
FNH:0
FNDA:0,(anonymous_0)
DA:1,0
DA:2,0
DA:3,0
DA:4,0
DA:7,0
LF:5
LH:0
BRF:0
BRH:0
end_of_record
TN:
SF:src\service\logistic.service.js
FN:16,(anonymous_0)
FN:33,(anonymous_1)
FN:50,(anonymous_2)
FN:53,(anonymous_3)
FN:58,(anonymous_4)
FNF:5
FNH:0
FNDA:0,(anonymous_0)
FNDA:0,(anonymous_1)
FNDA:0,(anonymous_2)
FNDA:0,(anonymous_3)
FNDA:0,(anonymous_4)
DA:1,0
DA:2,0
DA:3,0
DA:4,0
DA:5,0
DA:6,0
DA:10,0
DA:11,0
DA:12,0
DA:13,0
DA:14,0
DA:16,0
DA:17,0
DA:33,0
DA:34,0
DA:36,0
DA:38,0
DA:39,0
DA:42,0
DA:43,0
DA:44,0
DA:46,0
DA:47,0
DA:50,0
DA:51,0
DA:53,0
DA:54,0
DA:58,0
DA:59,0
DA:61,0
DA:63,0
DA:64,0
DA:67,0
DA:68,0
DA:69,0
DA:72,0
LF:36
LH:0
BRDA:38,0,0,0
BRDA:38,0,1,0
BRDA:63,1,0,0
BRDA:63,1,1,0
BRF:4
BRH:0
end_of_record
TN:
SF:src\service\order-detail.service.js
FN:23,(anonymous_0)
FN:44,(anonymous_1)
FN:99,(anonymous_2)
FN:102,(anonymous_3)
FN:107,(anonymous_4)
FN:112,(anonymous_5)
FN:129,(anonymous_6)
FN:133,(anonymous_7)
FN:136,(anonymous_8)
FN:138,(anonymous_9)
FN:141,(anonymous_10)
FN:149,(anonymous_11)
FN:164,(anonymous_12)
FNF:13
FNH:13
FNDA:4,(anonymous_0)
FNDA:1,(anonymous_1)
FNDA:2,(anonymous_2)
FNDA:4,(anonymous_3)
FNDA:4,(anonymous_4)
FNDA:4,(anonymous_5)
FNDA:1,(anonymous_6)
FNDA:2,(anonymous_7)
FNDA:1,(anonymous_8)
FNDA:2,(anonymous_9)
FNDA:1,(anonymous_10)
FNDA:2,(anonymous_11)
FNDA:2,(anonymous_12)
DA:1,2
DA:2,2
DA:3,2
DA:4,2
DA:5,2
DA:6,2
DA:7,2
DA:8,2
DA:9,2
DA:10,2
DA:11,2
DA:12,2
DA:13,2
DA:14,2
DA:15,2
DA:16,2
DA:17,2
DA:18,2
DA:19,2
DA:21,2
DA:23,2
DA:24,4
DA:44,2
DA:45,1
DA:99,2
DA:100,2
DA:101,2
DA:102,2
DA:103,4
DA:105,2
DA:107,2
DA:108,4
DA:110,2
DA:112,2
DA:113,4
DA:114,4
DA:115,4
DA:116,4
DA:117,4
DA:120,2
DA:122,1
DA:124,1
DA:125,1
DA:129,2
DA:130,1
DA:132,1
DA:133,2
DA:136,2
DA:137,1
DA:138,2
DA:141,2
DA:142,1
DA:143,1
DA:145,1
DA:146,1
DA:149,2
DA:150,2
DA:151,2
DA:152,2
DA:154,2
DA:155,2
DA:156,1
DA:159,1
DA:160,1
DA:161,1
DA:164,2
DA:165,2
DA:166,2
DA:168,2
DA:169,2
DA:170,1
DA:173,1
DA:174,1
DA:175,1
DA:176,1
DA:180,2
LF:76
LH:76
BRDA:155,0,0,1
BRDA:155,0,1,1
BRDA:169,1,0,1
BRDA:169,1,1,1
BRF:4
BRH:4
end_of_record
TN:
SF:src\service\order.service.js
FN:27,(anonymous_0)
FN:56,(anonymous_1)
FN:78,(anonymous_2)
FN:88,(anonymous_3)
FN:97,(anonymous_4)
FN:134,(anonymous_5)
FN:155,(anonymous_6)
FN:158,(anonymous_7)
FNF:8
FNH:8
FNDA:3,(anonymous_0)
FNDA:6,(anonymous_1)
FNDA:7,(anonymous_2)
FNDA:3,(anonymous_3)
FNDA:7,(anonymous_4)
FNDA:3,(anonymous_5)
FNDA:1,(anonymous_6)
FNDA:2,(anonymous_7)
DA:3,1
DA:4,1
DA:5,1
DA:6,1
DA:7,1
DA:10,1
DA:11,1
DA:12,1
DA:13,1
DA:14,1
DA:15,1
DA:16,1
DA:17,1
DA:18,1
DA:19,1
DA:21,1
DA:22,1
DA:23,1
DA:24,1
DA:25,1
DA:27,1
DA:28,3
DA:56,1
DA:57,6
DA:58,6
DA:60,6
DA:61,10
DA:62,10
DA:63,1
DA:66,9
DA:67,9
DA:68,1
DA:71,8
DA:72,8
DA:75,4
DA:78,1
DA:79,7
DA:80,7
DA:81,1
DA:84,6
DA:85,4
DA:88,1
DA:89,3
DA:90,5
DA:92,5
DA:93,1
DA:97,1
DA:98,7
DA:100,7
DA:102,4
DA:103,1
DA:106,3
DA:108,2
DA:109,2
DA:110,2
DA:111,2
DA:112,2
DA:113,2
DA:114,2
DA:115,2
DA:116,2
DA:118,2
DA:119,2
DA:120,1
DA:122,1
DA:123,1
DA:129,1
DA:130,1
DA:134,1
DA:135,3
DA:136,3
DA:138,3
DA:139,3
DA:140,1
DA:143,2
DA:144,1
DA:147,1
DA:149,1
DA:150,1
DA:151,1
DA:152,1
DA:155,1
DA:156,1
DA:158,1
DA:159,2
DA:167,1
LF:86
LH:86
BRDA:62,0,0,1
BRDA:62,0,1,9
BRDA:67,1,0,1
BRDA:67,1,1,8
BRDA:80,2,0,1
BRDA:80,2,1,6
BRDA:92,3,0,1
BRDA:92,3,1,4
BRDA:102,4,0,1
BRDA:102,4,1,3
BRDA:139,5,0,1
BRDA:139,5,1,2
BRDA:143,6,0,1
BRDA:143,6,1,1
BRF:14
BRH:14
end_of_record
TN:
SF:src\service\payment-method.service.js
FN:14,(anonymous_0)
FN:31,(anonymous_1)
FN:48,(anonymous_2)
FN:51,(anonymous_3)
FN:56,(anonymous_4)
FNF:5
FNH:0
FNDA:0,(anonymous_0)
FNDA:0,(anonymous_1)
FNDA:0,(anonymous_2)
FNDA:0,(anonymous_3)
FNDA:0,(anonymous_4)
DA:1,0
DA:2,0
DA:3,0
DA:4,0
DA:5,0
DA:6,0
DA:9,0
DA:10,0
DA:11,0
DA:12,0
DA:14,0
DA:15,0
DA:31,0
DA:32,0
DA:34,0
DA:36,0
DA:37,0
DA:40,0
DA:41,0
DA:42,0
DA:44,0
DA:45,0
DA:48,0
DA:49,0
DA:51,0
DA:52,0
DA:56,0
DA:57,0
DA:59,0
DA:61,0
DA:62,0
DA:65,0
DA:66,0
DA:67,0
DA:70,0
LF:35
LH:0
BRDA:36,0,0,0
BRDA:36,0,1,0
BRDA:61,1,0,0
BRDA:61,1,1,0
BRF:4
BRH:0
end_of_record
TN:
SF:src\service\product.service.js
FN:28,(anonymous_0)
FN:55,(anonymous_1)
FN:76,(anonymous_2)
FN:88,(anonymous_3)
FN:114,(anonymous_4)
FN:123,(anonymous_5)
FN:144,(anonymous_6)
FN:157,(anonymous_7)
FNF:8
FNH:0
FNDA:0,(anonymous_0)
FNDA:0,(anonymous_1)
FNDA:0,(anonymous_2)
FNDA:0,(anonymous_3)
FNDA:0,(anonymous_4)
FNDA:0,(anonymous_5)
FNDA:0,(anonymous_6)
FNDA:0,(anonymous_7)
DA:1,2
DA:2,2
DA:3,2
DA:4,2
DA:5,2
DA:6,2
DA:12,2
DA:15,2
DA:18,2
DA:19,2
DA:20,2
DA:21,2
DA:22,2
DA:23,2
DA:24,2
DA:25,2
DA:28,2
DA:29,0
DA:55,2
DA:56,0
DA:57,0
DA:59,0
DA:60,0
DA:62,0
DA:64,0
DA:65,0
DA:66,0
DA:67,0
DA:68,0
DA:70,0
DA:71,0
DA:73,0
DA:76,2
DA:77,0
DA:79,0
DA:81,0
DA:82,0
DA:85,0
DA:88,2
DA:89,0
DA:91,0
DA:93,0
DA:98,0
DA:99,0
DA:102,0
DA:103,0
DA:106,0
DA:107,0
DA:110,0
DA:111,0
DA:113,0
DA:114,0
DA:123,2
DA:124,0
DA:125,0
DA:127,0
DA:128,0
DA:130,0
DA:131,0
DA:132,0
DA:135,0
DA:136,0
DA:137,0
DA:138,0
DA:139,0
DA:140,0
DA:141,0
DA:144,2
DA:145,0
DA:147,0
DA:148,0
DA:149,0
DA:152,0
DA:153,0
DA:154,0
DA:157,2
DA:158,0
DA:160,0
DA:162,0
DA:163,0
DA:166,2
LF:81
LH:24
BRDA:81,0,0,0
BRDA:81,0,1,0
BRDA:98,1,0,0
BRDA:98,1,1,0
BRDA:102,2,0,0
BRDA:102,2,1,0
BRDA:106,3,0,0
BRDA:106,3,1,0
BRDA:131,4,0,0
BRDA:131,4,1,0
BRDA:148,5,0,0
BRDA:148,5,1,0
BRF:12
BRH:0
end_of_record
TN:
SF:src\service\sub-category.service.js
FN:17,(anonymous_0)
FN:27,(anonymous_1)
FN:48,(anonymous_2)
FN:55,(anonymous_3)
FNF:4
FNH:0
FNDA:0,(anonymous_0)
FNDA:0,(anonymous_1)
FNDA:0,(anonymous_2)
FNDA:0,(anonymous_3)
DA:1,2
DA:2,2
DA:3,2
DA:4,2
DA:5,2
DA:6,2
DA:9,2
DA:12,2
DA:13,2
DA:14,2
DA:17,2
DA:18,0
DA:20,0
DA:21,0
DA:24,0
DA:27,2
DA:28,0
DA:29,0
DA:31,0
DA:33,0
DA:34,0
DA:36,0
DA:37,0
DA:40,0
DA:41,0
DA:42,0
DA:43,0
DA:45,0
DA:48,2
DA:49,0
DA:50,0
DA:52,0
DA:55,2
DA:56,0
DA:57,0
DA:59,0
DA:61,0
DA:62,0
DA:65,0
DA:66,0
DA:67,0
DA:70,2
LF:42
LH:15
BRDA:20,0,0,0
BRDA:20,0,1,0
BRDA:36,1,0,0
BRDA:36,1,1,0
BRDA:61,2,0,0
BRDA:61,2,1,0
BRF:6
BRH:0
end_of_record
TN:
SF:src\service\user.service.js
FN:20,(anonymous_0)
FN:27,(anonymous_1)
FN:34,(anonymous_2)
FN:58,(anonymous_3)
FN:82,(anonymous_4)
FN:98,(anonymous_5)
FN:120,(anonymous_6)
FNF:7
FNH:7
FNDA:3,(anonymous_0)
FNDA:2,(anonymous_1)
FNDA:3,(anonymous_2)
FNDA:4,(anonymous_3)
FNDA:2,(anonymous_4)
FNDA:3,(anonymous_5)
FNDA:2,(anonymous_6)
DA:1,1
DA:2,1
DA:3,1
DA:4,1
DA:5,1
DA:6,1
DA:7,1
DA:8,1
DA:9,1
DA:13,1
DA:14,1
DA:15,1
DA:16,1
DA:17,1
DA:20,1
DA:21,3
DA:22,3
DA:23,1
DA:27,1
DA:28,2
DA:29,2
DA:30,1
DA:34,1
DA:35,3
DA:37,3
DA:38,2
DA:40,1
DA:42,1
DA:43,1
DA:44,1
DA:45,1
DA:46,1
DA:47,1
DA:48,1
DA:50,1
DA:51,1
DA:54,1
DA:55,1
DA:58,1
DA:59,4
DA:60,4
DA:62,4
DA:63,1
DA:66,3
DA:67,1
DA:68,1
DA:71,2
DA:72,1
DA:75,1
DA:76,1
DA:77,1
DA:78,1
DA:82,1
DA:83,2
DA:85,2
DA:86,1
DA:89,1
DA:90,1
DA:91,1
DA:92,1
DA:94,1
DA:95,1
DA:98,1
DA:99,3
DA:101,3
DA:103,3
DA:104,1
DA:107,2
DA:108,2
DA:109,1
DA:112,1
DA:120,1
DA:121,2
DA:122,2
DA:123,1
DA:126,1
DA:130,1
LF:77
LH:77
BRDA:22,0,0,1
BRDA:22,0,1,2
BRDA:29,1,0,1
BRDA:29,1,1,1
BRDA:62,2,0,1
BRDA:62,2,1,3
BRDA:66,3,0,1
BRDA:66,3,1,2
BRDA:71,4,0,1
BRDA:71,4,1,1
BRDA:85,5,0,1
BRDA:85,5,1,1
BRDA:103,6,0,1
BRDA:103,6,1,2
BRDA:108,7,0,1
BRDA:108,7,1,1
BRDA:122,8,0,1
BRDA:122,8,1,1
BRF:18
BRH:18
end_of_record
